# JRE version: Java(TM) SE Runtime Environment (21.0.1+12) (build 21.0.1+12-LTS-29)
# Java VM: Java HotSpot(TM) 64-Bit Server VM (21.0.1+12-LTS-29, mixed mode, sharing, tiered, compressed oops, compressed class ptrs, g1 gc, windows-amd64)
GC Precious Log:
 CardTable entry size: 512
 Card Set container configuration: InlinePtr #cards 5 size 8 Array Of Cards #cards 12 size 40 Howl #buckets 4 coarsen threshold 1843 Howl Bitmap #cards 512 size 80 coarsen threshold 460 Card regions per heap region 1 cards per card region 2048
 CPUs: 4 total, 4 available
 Memory: 8082M
 Large Page Support: Disabled
 NUMA Support: Disabled
 Compressed Oops: Enabled (32-bit)
 Heap Region Size: 1M
 Heap Min Capacity: 8M
 Heap Initial Capacity: 128M
 Heap Max Capacity: 2022M
 Pre-touch: Disabled
 Parallel Workers: 4
 Concurrent Workers: 1
 Concurrent Refinement Workers: 4
 Periodic GC: Disabled
Heap:
 garbage-first heap   total 61440K, used 51093K [0x0000000081a00000, 0x0000000100000000)
  region size 1024K, 19 young (19456K), 2 survivors (2048K)
 Metaspace       used 74196K, committed 75008K, reserved 1114112K
  class space    used 10166K, committed 10560K, reserved 1048576K
GC Heap History (20 events):
Event: 11.696 GC heap after
{Heap after GC invocations=14 (full 0):
 garbage-first heap   total 48128K, used 24511K [0x0000000081a00000, 0x0000000100000000)
  region size 1024K, 2 young (2048K), 2 survivors (2048K)
 Metaspace       used 52057K, committed 52736K, reserved 1114112K
  class space    used 6874K, committed 7168K, reserved 1048576K
}
Event: 12.364 GC heap before
{Heap before GC invocations=14 (full 0):
 garbage-first heap   total 48128K, used 41919K [0x0000000081a00000, 0x0000000100000000)
  region size 1024K, 19 young (19456K), 2 survivors (2048K)
 Metaspace       used 56364K, committed 56960K, reserved 1114112K
  class space    used 7578K, committed 7872K, reserved 1048576K
}
Event: 12.367 GC heap after
{Heap after GC invocations=15 (full 0):
 garbage-first heap   total 48128K, used 25052K [0x0000000081a00000, 0x0000000100000000)
  region size 1024K, 2 young (2048K), 2 survivors (2048K)
 Metaspace       used 56364K, committed 56960K, reserved 1114112K
  class space    used 7578K, committed 7872K, reserved 1048576K
}
Event: 13.481 GC heap before
{Heap before GC invocations=16 (full 0):
 garbage-first heap   total 48128K, used 41436K [0x0000000081a00000, 0x0000000100000000)
  region size 1024K, 19 young (19456K), 2 survivors (2048K)
 Metaspace       used 60295K, committed 60928K, reserved 1114112K
  class space    used 8118K, committed 8384K, reserved 1048576K
}
Event: 13.487 GC heap after
{Heap after GC invocations=17 (full 0):
 garbage-first heap   total 48128K, used 26484K [0x0000000081a00000, 0x0000000100000000)
  region size 1024K, 3 young (3072K), 3 survivors (3072K)
 Metaspace       used 60295K, committed 60928K, reserved 1114112K
  class space    used 8118K, committed 8384K, reserved 1048576K
}
Event: 14.431 GC heap before
{Heap before GC invocations=17 (full 0):
 garbage-first heap   total 48128K, used 40820K [0x0000000081a00000, 0x0000000100000000)
  region size 1024K, 17 young (17408K), 3 survivors (3072K)
 Metaspace       used 62793K, committed 63424K, reserved 1114112K
  class space    used 8508K, committed 8768K, reserved 1048576K
}
Event: 14.441 GC heap after
{Heap after GC invocations=18 (full 0):
 garbage-first heap   total 48128K, used 27804K [0x0000000081a00000, 0x0000000100000000)
  region size 1024K, 3 young (3072K), 3 survivors (3072K)
 Metaspace       used 62793K, committed 63424K, reserved 1114112K
  class space    used 8508K, committed 8768K, reserved 1048576K
}
Event: 14.990 GC heap before
{Heap before GC invocations=18 (full 0):
 garbage-first heap   total 48128K, used 41116K [0x0000000081a00000, 0x0000000100000000)
  region size 1024K, 16 young (16384K), 3 survivors (3072K)
 Metaspace       used 64025K, committed 64768K, reserved 1114112K
  class space    used 8722K, committed 9088K, reserved 1048576K
}
Event: 15.001 GC heap after
{Heap after GC invocations=19 (full 0):
 garbage-first heap   total 48128K, used 29303K [0x0000000081a00000, 0x0000000100000000)
  region size 1024K, 2 young (2048K), 2 survivors (2048K)
 Metaspace       used 64025K, committed 64768K, reserved 1114112K
  class space    used 8722K, committed 9088K, reserved 1048576K
}
Event: 15.755 GC heap before
{Heap before GC invocations=20 (full 0):
 garbage-first heap   total 51200K, used 42615K [0x0000000081a00000, 0x0000000100000000)
  region size 1024K, 15 young (15360K), 2 survivors (2048K)
 Metaspace       used 66051K, committed 66880K, reserved 1114112K
  class space    used 9019K, committed 9408K, reserved 1048576K
}
Event: 15.760 GC heap after
{Heap after GC invocations=21 (full 0):
 garbage-first heap   total 51200K, used 30675K [0x0000000081a00000, 0x0000000100000000)
  region size 1024K, 2 young (2048K), 2 survivors (2048K)
 Metaspace       used 66051K, committed 66880K, reserved 1114112K
  class space    used 9019K, committed 9408K, reserved 1048576K
}
Event: 16.824 GC heap before
{Heap before GC invocations=21 (full 0):
 garbage-first heap   total 51200K, used 45011K [0x0000000081a00000, 0x0000000100000000)
  region size 1024K, 16 young (16384K), 2 survivors (2048K)
 Metaspace       used 67508K, committed 68352K, reserved 1114112K
  class space    used 9216K, committed 9600K, reserved 1048576K
}
Event: 16.831 GC heap after
{Heap after GC invocations=22 (full 0):
 garbage-first heap   total 61440K, used 32476K [0x0000000081a00000, 0x0000000100000000)
  region size 1024K, 2 young (2048K), 2 survivors (2048K)
 Metaspace       used 67508K, committed 68352K, reserved 1114112K
  class space    used 9216K, committed 9600K, reserved 1048576K
}
Event: 101.270 GC heap before
{Heap before GC invocations=22 (full 0):
 garbage-first heap   total 61440K, used 52956K [0x0000000081a00000, 0x0000000100000000)
  region size 1024K, 23 young (23552K), 2 survivors (2048K)
 Metaspace       used 72758K, committed 73536K, reserved 1114112K
  class space    used 9961K, committed 10304K, reserved 1048576K
}
Event: 101.277 GC heap after
{Heap after GC invocations=23 (full 0):
 garbage-first heap   total 61440K, used 33869K [0x0000000081a00000, 0x0000000100000000)
  region size 1024K, 2 young (2048K), 2 survivors (2048K)
 Metaspace       used 72758K, committed 73536K, reserved 1114112K
  class space    used 9961K, committed 10304K, reserved 1048576K
}
Event: 838.291 GC heap before
{Heap before GC invocations=24 (full 0):
 garbage-first heap   total 61440K, used 54349K [0x0000000081a00000, 0x0000000100000000)
  region size 1024K, 22 young (22528K), 2 survivors (2048K)
 Metaspace       used 73235K, committed 74048K, reserved 1114112K
  class space    used 10029K, committed 10368K, reserved 1048576K
}
Event: 838.296 GC heap after
{Heap after GC invocations=25 (full 0):
 garbage-first heap   total 61440K, used 34033K [0x0000000081a00000, 0x0000000100000000)
  region size 1024K, 2 young (2048K), 2 survivors (2048K)
 Metaspace       used 73235K, committed 74048K, reserved 1114112K
  class space    used 10029K, committed 10368K, reserved 1048576K
}
Event: 1528.470 GC heap before
{Heap before GC invocations=25 (full 0):
 garbage-first heap   total 61440K, used 54513K [0x0000000081a00000, 0x0000000100000000)
  region size 1024K, 23 young (23552K), 2 survivors (2048K)
 Metaspace       used 74011K, committed 74880K, reserved 1114112K
  class space    used 10133K, committed 10560K, reserved 1048576K
}
Event: 1528.485 GC heap after
{Heap after GC invocations=26 (full 0):
 garbage-first heap   total 61440K, used 33995K [0x0000000081a00000, 0x0000000100000000)
  region size 1024K, 2 young (2048K), 2 survivors (2048K)
 Metaspace       used 74011K, committed 74880K, reserved 1114112K
  class space    used 10133K, committed 10560K, reserved 1048576K
}
Event: 2129.624 GC heap before
{Heap before GC invocations=26 (full 0):
 garbage-first heap   total 61440K, used 50379K [0x0000000081a00000, 0x0000000100000000)
  region size 1024K, 19 young (19456K), 2 survivors (2048K)
 Metaspace       used 74196K, committed 75008K, reserved 1114112K
  class space    used 10166K, committed 10560K, reserved 1048576K
}

