# JRE version: OpenJDK Runtime Environment Temurin-17.0.10+7 (17.0.10+7) (build 17.0.10+7)
# Java VM: OpenJDK 64-Bit Server VM Temurin-17.0.10+7 (17.0.10+7, mixed mode, tiered, compressed oops, compressed class ptrs, parallel gc, windows-amd64)
GC Precious Log:
 CPUs: 4 total, 4 available
 Memory: 8082M
 Large Page Support: Disabled
 NUMA Support: Disabled
 Compressed Oops: Enabled (32-bit)
 Alignments: Space 512K, Generation 512K, Heap 2M
 Heap Min Capacity: 100M
 Heap Initial Capacity: 100M
 Heap Max Capacity: 1G
 Pre-touch: Disabled
 Parallel Workers: 4
Heap:
 PSYoungGen      total 9216K, used 7669K [0x00000000eab00000, 0x00000000eb780000, 0x0000000100000000)
  eden space 7680K, 80% used [0x00000000eab00000,0x00000000eb105458,0x00000000eb280000)
  from space 1536K, 97% used [0x00000000eb280000,0x00000000eb3f8040,0x00000000eb400000)
  to   space 2560K, 0% used [0x00000000eb500000,0x00000000eb500000,0x00000000eb780000)
 ParOldGen       total 131072K, used 116387K [0x00000000c0000000, 0x00000000c8000000, 0x00000000eab00000)
  object space 131072K, 88% used [0x00000000c0000000,0x00000000c71a8f80,0x00000000c8000000)
 Metaspace       used 80552K, committed 81984K, reserved 1179648K
  class space    used 8272K, committed 8896K, reserved 1048576K
GC Heap History (20 events):
Event: 72.874 GC heap before
{Heap before GC invocations=237 (full 8):
 PSYoungGen      total 7680K, used 7392K [0x00000000eab00000, 0x00000000eb800000, 0x0000000100000000)
  eden space 3072K, 100% used [0x00000000eab00000,0x00000000eae00000,0x00000000eae00000)
  from space 4608K, 93% used [0x00000000eae00000,0x00000000eb2383b8,0x00000000eb280000)
  to   space 4608K, 0% used [0x00000000eb380000,0x00000000eb380000,0x00000000eb800000)
 ParOldGen       total 131072K, used 103560K [0x00000000c0000000, 0x00000000c8000000, 0x00000000eab00000)
  object space 131072K, 79% used [0x00000000c0000000,0x00000000c6522308,0x00000000c8000000)
 Metaspace       used 80242K, committed 81664K, reserved 1179648K
  class space    used 8246K, committed 8896K, reserved 1048576K
}
Event: 72.878 GC heap after
{Heap after GC invocations=237 (full 8):
 PSYoungGen      total 7168K, used 2735K [0x00000000eab00000, 0x00000000eb680000, 0x0000000100000000)
  eden space 4096K, 0% used [0x00000000eab00000,0x00000000eab00000,0x00000000eaf00000)
  from space 3072K, 89% used [0x00000000eb380000,0x00000000eb62bca0,0x00000000eb680000)
  to   space 3584K, 0% used [0x00000000eaf80000,0x00000000eaf80000,0x00000000eb300000)
 ParOldGen       total 131072K, used 106036K [0x00000000c0000000, 0x00000000c8000000, 0x00000000eab00000)
  object space 131072K, 80% used [0x00000000c0000000,0x00000000c678d3d8,0x00000000c8000000)
 Metaspace       used 80242K, committed 81664K, reserved 1179648K
  class space    used 8246K, committed 8896K, reserved 1048576K
}
Event: 72.891 GC heap before
{Heap before GC invocations=238 (full 8):
 PSYoungGen      total 7168K, used 6831K [0x00000000eab00000, 0x00000000eb680000, 0x0000000100000000)
  eden space 4096K, 100% used [0x00000000eab00000,0x00000000eaf00000,0x00000000eaf00000)
  from space 3072K, 89% used [0x00000000eb380000,0x00000000eb62bca0,0x00000000eb680000)
  to   space 3584K, 0% used [0x00000000eaf80000,0x00000000eaf80000,0x00000000eb300000)
 ParOldGen       total 131072K, used 106036K [0x00000000c0000000, 0x00000000c8000000, 0x00000000eab00000)
  object space 131072K, 80% used [0x00000000c0000000,0x00000000c678d3d8,0x00000000c8000000)
 Metaspace       used 80242K, committed 81664K, reserved 1179648K
  class space    used 8246K, committed 8896K, reserved 1048576K
}
Event: 72.894 GC heap after
{Heap after GC invocations=238 (full 8):
 PSYoungGen      total 7168K, used 2092K [0x00000000eab00000, 0x00000000eb500000, 0x0000000100000000)
  eden space 4608K, 0% used [0x00000000eab00000,0x00000000eab00000,0x00000000eaf80000)
  from space 2560K, 81% used [0x00000000eaf80000,0x00000000eb18b0b8,0x00000000eb200000)
  to   space 2560K, 0% used [0x00000000eb280000,0x00000000eb280000,0x00000000eb500000)
 ParOldGen       total 131072K, used 106926K [0x00000000c0000000, 0x00000000c8000000, 0x00000000eab00000)
  object space 131072K, 81% used [0x00000000c0000000,0x00000000c686b968,0x00000000c8000000)
 Metaspace       used 80242K, committed 81664K, reserved 1179648K
  class space    used 8246K, committed 8896K, reserved 1048576K
}
Event: 72.910 GC heap before
{Heap before GC invocations=239 (full 8):
 PSYoungGen      total 7168K, used 6700K [0x00000000eab00000, 0x00000000eb500000, 0x0000000100000000)
  eden space 4608K, 100% used [0x00000000eab00000,0x00000000eaf80000,0x00000000eaf80000)
  from space 2560K, 81% used [0x00000000eaf80000,0x00000000eb18b0b8,0x00000000eb200000)
  to   space 2560K, 0% used [0x00000000eb280000,0x00000000eb280000,0x00000000eb500000)
 ParOldGen       total 131072K, used 106926K [0x00000000c0000000, 0x00000000c8000000, 0x00000000eab00000)
  object space 131072K, 81% used [0x00000000c0000000,0x00000000c686b968,0x00000000c8000000)
 Metaspace       used 80243K, committed 81664K, reserved 1179648K
  class space    used 8246K, committed 8896K, reserved 1048576K
}
Event: 72.914 GC heap after
{Heap after GC invocations=239 (full 8):
 PSYoungGen      total 7680K, used 1772K [0x00000000eab00000, 0x00000000eb480000, 0x0000000100000000)
  eden space 5632K, 0% used [0x00000000eab00000,0x00000000eab00000,0x00000000eb080000)
  from space 2048K, 86% used [0x00000000eb280000,0x00000000eb43b058,0x00000000eb480000)
  to   space 2048K, 0% used [0x00000000eb080000,0x00000000eb080000,0x00000000eb280000)
 ParOldGen       total 131072K, used 107352K [0x00000000c0000000, 0x00000000c8000000, 0x00000000eab00000)
  object space 131072K, 81% used [0x00000000c0000000,0x00000000c68d6110,0x00000000c8000000)
 Metaspace       used 80243K, committed 81664K, reserved 1179648K
  class space    used 8246K, committed 8896K, reserved 1048576K
}
Event: 73.081 GC heap before
{Heap before GC invocations=240 (full 8):
 PSYoungGen      total 7680K, used 7404K [0x00000000eab00000, 0x00000000eb480000, 0x0000000100000000)
  eden space 5632K, 100% used [0x00000000eab00000,0x00000000eb080000,0x00000000eb080000)
  from space 2048K, 86% used [0x00000000eb280000,0x00000000eb43b058,0x00000000eb480000)
  to   space 2048K, 0% used [0x00000000eb080000,0x00000000eb080000,0x00000000eb280000)
 ParOldGen       total 131072K, used 107352K [0x00000000c0000000, 0x00000000c8000000, 0x00000000eab00000)
  object space 131072K, 81% used [0x00000000c0000000,0x00000000c68d6110,0x00000000c8000000)
 Metaspace       used 80249K, committed 81664K, reserved 1179648K
  class space    used 8246K, committed 8896K, reserved 1048576K
}
Event: 73.084 GC heap after
{Heap after GC invocations=240 (full 8):
 PSYoungGen      total 7680K, used 1943K [0x00000000eab00000, 0x00000000eb580000, 0x0000000100000000)
  eden space 5632K, 0% used [0x00000000eab00000,0x00000000eab00000,0x00000000eb080000)
  from space 2048K, 94% used [0x00000000eb080000,0x00000000eb265d18,0x00000000eb280000)
  to   space 2048K, 0% used [0x00000000eb380000,0x00000000eb380000,0x00000000eb580000)
 ParOldGen       total 131072K, used 107773K [0x00000000c0000000, 0x00000000c8000000, 0x00000000eab00000)
  object space 131072K, 82% used [0x00000000c0000000,0x00000000c693f450,0x00000000c8000000)
 Metaspace       used 80249K, committed 81664K, reserved 1179648K
  class space    used 8246K, committed 8896K, reserved 1048576K
}
Event: 73.109 GC heap before
{Heap before GC invocations=241 (full 8):
 PSYoungGen      total 7680K, used 7575K [0x00000000eab00000, 0x00000000eb580000, 0x0000000100000000)
  eden space 5632K, 100% used [0x00000000eab00000,0x00000000eb080000,0x00000000eb080000)
  from space 2048K, 94% used [0x00000000eb080000,0x00000000eb265d18,0x00000000eb280000)
  to   space 2048K, 0% used [0x00000000eb380000,0x00000000eb380000,0x00000000eb580000)
 ParOldGen       total 131072K, used 107773K [0x00000000c0000000, 0x00000000c8000000, 0x00000000eab00000)
  object space 131072K, 82% used [0x00000000c0000000,0x00000000c693f450,0x00000000c8000000)
 Metaspace       used 80255K, committed 81664K, reserved 1179648K
  class space    used 8246K, committed 8896K, reserved 1048576K
}
Event: 73.115 GC heap after
{Heap after GC invocations=241 (full 8):
 PSYoungGen      total 8704K, used 2014K [0x00000000eab00000, 0x00000000eb580000, 0x0000000100000000)
  eden space 6656K, 0% used [0x00000000eab00000,0x00000000eab00000,0x00000000eb180000)
  from space 2048K, 98% used [0x00000000eb380000,0x00000000eb577b98,0x00000000eb580000)
  to   space 2048K, 0% used [0x00000000eb180000,0x00000000eb180000,0x00000000eb380000)
 ParOldGen       total 131072K, used 108389K [0x00000000c0000000, 0x00000000c8000000, 0x00000000eab00000)
  object space 131072K, 82% used [0x00000000c0000000,0x00000000c69d9450,0x00000000c8000000)
 Metaspace       used 80255K, committed 81664K, reserved 1179648K
  class space    used 8246K, committed 8896K, reserved 1048576K
}
Event: 73.183 GC heap before
{Heap before GC invocations=242 (full 8):
 PSYoungGen      total 8704K, used 8670K [0x00000000eab00000, 0x00000000eb580000, 0x0000000100000000)
  eden space 6656K, 100% used [0x00000000eab00000,0x00000000eb180000,0x00000000eb180000)
  from space 2048K, 98% used [0x00000000eb380000,0x00000000eb577b98,0x00000000eb580000)
  to   space 2048K, 0% used [0x00000000eb180000,0x00000000eb180000,0x00000000eb380000)
 ParOldGen       total 131072K, used 108389K [0x00000000c0000000, 0x00000000c8000000, 0x00000000eab00000)
  object space 131072K, 82% used [0x00000000c0000000,0x00000000c69d9450,0x00000000c8000000)
 Metaspace       used 80322K, committed 81728K, reserved 1179648K
  class space    used 8255K, committed 8896K, reserved 1048576K
}
Event: 73.186 GC heap after
{Heap after GC invocations=242 (full 8):
 PSYoungGen      total 8704K, used 2027K [0x00000000eab00000, 0x00000000eba80000, 0x0000000100000000)
  eden space 6656K, 0% used [0x00000000eab00000,0x00000000eab00000,0x00000000eb180000)
  from space 2048K, 99% used [0x00000000eb180000,0x00000000eb37af30,0x00000000eb380000)
  to   space 4096K, 0% used [0x00000000eb680000,0x00000000eb680000,0x00000000eba80000)
 ParOldGen       total 131072K, used 110132K [0x00000000c0000000, 0x00000000c8000000, 0x00000000eab00000)
  object space 131072K, 84% used [0x00000000c0000000,0x00000000c6b8d3a0,0x00000000c8000000)
 Metaspace       used 80322K, committed 81728K, reserved 1179648K
  class space    used 8255K, committed 8896K, reserved 1048576K
}
Event: 73.237 GC heap before
{Heap before GC invocations=243 (full 8):
 PSYoungGen      total 8704K, used 8683K [0x00000000eab00000, 0x00000000eba80000, 0x0000000100000000)
  eden space 6656K, 99% used [0x00000000eab00000,0x00000000eb17ffc0,0x00000000eb180000)
  from space 2048K, 99% used [0x00000000eb180000,0x00000000eb37af30,0x00000000eb380000)
  to   space 4096K, 0% used [0x00000000eb680000,0x00000000eb680000,0x00000000eba80000)
 ParOldGen       total 131072K, used 110132K [0x00000000c0000000, 0x00000000c8000000, 0x00000000eab00000)
  object space 131072K, 84% used [0x00000000c0000000,0x00000000c6b8d3a0,0x00000000c8000000)
 Metaspace       used 80337K, committed 81792K, reserved 1179648K
  class space    used 8257K, committed 8896K, reserved 1048576K
}
Event: 73.240 GC heap after
{Heap after GC invocations=243 (full 8):
 PSYoungGen      total 10752K, used 2777K [0x00000000eab00000, 0x00000000eb980000, 0x0000000100000000)
  eden space 7680K, 0% used [0x00000000eab00000,0x00000000eab00000,0x00000000eb280000)
  from space 3072K, 90% used [0x00000000eb680000,0x00000000eb936780,0x00000000eb980000)
  to   space 3584K, 0% used [0x00000000eb280000,0x00000000eb280000,0x00000000eb600000)
 ParOldGen       total 131072K, used 112151K [0x00000000c0000000, 0x00000000c8000000, 0x00000000eab00000)
  object space 131072K, 85% used [0x00000000c0000000,0x00000000c6d85d60,0x00000000c8000000)
 Metaspace       used 80337K, committed 81792K, reserved 1179648K
  class space    used 8257K, committed 8896K, reserved 1048576K
}
Event: 73.292 GC heap before
{Heap before GC invocations=244 (full 8):
 PSYoungGen      total 10752K, used 10457K [0x00000000eab00000, 0x00000000eb980000, 0x0000000100000000)
  eden space 7680K, 100% used [0x00000000eab00000,0x00000000eb280000,0x00000000eb280000)
  from space 3072K, 90% used [0x00000000eb680000,0x00000000eb936780,0x00000000eb980000)
  to   space 3584K, 0% used [0x00000000eb280000,0x00000000eb280000,0x00000000eb600000)
 ParOldGen       total 131072K, used 112151K [0x00000000c0000000, 0x00000000c8000000, 0x00000000eab00000)
  object space 131072K, 85% used [0x00000000c0000000,0x00000000c6d85d60,0x00000000c8000000)
 Metaspace       used 80337K, committed 81792K, reserved 1179648K
  class space    used 8257K, committed 8896K, reserved 1048576K
}
Event: 73.295 GC heap after
{Heap after GC invocations=244 (full 8):
 PSYoungGen      total 9216K, used 1450K [0x00000000eab00000, 0x00000000eb700000, 0x0000000100000000)
  eden space 7680K, 0% used [0x00000000eab00000,0x00000000eab00000,0x00000000eb280000)
  from space 1536K, 94% used [0x00000000eb280000,0x00000000eb3eaa98,0x00000000eb400000)
  to   space 2048K, 0% used [0x00000000eb500000,0x00000000eb500000,0x00000000eb700000)
 ParOldGen       total 131072K, used 114129K [0x00000000c0000000, 0x00000000c8000000, 0x00000000eab00000)
  object space 131072K, 87% used [0x00000000c0000000,0x00000000c6f74790,0x00000000c8000000)
 Metaspace       used 80337K, committed 81792K, reserved 1179648K
  class space    used 8257K, committed 8896K, reserved 1048576K
}
Event: 73.409 GC heap before
{Heap before GC invocations=245 (full 8):
 PSYoungGen      total 9216K, used 9130K [0x00000000eab00000, 0x00000000eb700000, 0x0000000100000000)
  eden space 7680K, 100% used [0x00000000eab00000,0x00000000eb280000,0x00000000eb280000)
  from space 1536K, 94% used [0x00000000eb280000,0x00000000eb3eaa98,0x00000000eb400000)
  to   space 2048K, 0% used [0x00000000eb500000,0x00000000eb500000,0x00000000eb700000)
 ParOldGen       total 131072K, used 114129K [0x00000000c0000000, 0x00000000c8000000, 0x00000000eab00000)
  object space 131072K, 87% used [0x00000000c0000000,0x00000000c6f74790,0x00000000c8000000)
 Metaspace       used 80342K, committed 81792K, reserved 1179648K
  class space    used 8257K, committed 8896K, reserved 1048576K
}
Event: 73.412 GC heap after
{Heap after GC invocations=245 (full 8):
 PSYoungGen      total 9216K, used 1372K [0x00000000eab00000, 0x00000000eb680000, 0x0000000100000000)
  eden space 7680K, 0% used [0x00000000eab00000,0x00000000eab00000,0x00000000eb280000)
  from space 1536K, 89% used [0x00000000eb500000,0x00000000eb657310,0x00000000eb680000)
  to   space 1536K, 0% used [0x00000000eb280000,0x00000000eb280000,0x00000000eb400000)
 ParOldGen       total 131072K, used 115543K [0x00000000c0000000, 0x00000000c8000000, 0x00000000eab00000)
  object space 131072K, 88% used [0x00000000c0000000,0x00000000c70d5c48,0x00000000c8000000)
 Metaspace       used 80342K, committed 81792K, reserved 1179648K
  class space    used 8257K, committed 8896K, reserved 1048576K
}
Event: 73.746 GC heap before
{Heap before GC invocations=246 (full 8):
 PSYoungGen      total 9216K, used 9052K [0x00000000eab00000, 0x00000000eb680000, 0x0000000100000000)
  eden space 7680K, 100% used [0x00000000eab00000,0x00000000eb280000,0x00000000eb280000)
  from space 1536K, 89% used [0x00000000eb500000,0x00000000eb657310,0x00000000eb680000)
  to   space 1536K, 0% used [0x00000000eb280000,0x00000000eb280000,0x00000000eb400000)
 ParOldGen       total 131072K, used 115543K [0x00000000c0000000, 0x00000000c8000000, 0x00000000eab00000)
  object space 131072K, 88% used [0x00000000c0000000,0x00000000c70d5c48,0x00000000c8000000)
 Metaspace       used 80416K, committed 81856K, reserved 1179648K
  class space    used 8257K, committed 8896K, reserved 1048576K
}
Event: 73.750 GC heap after
{Heap after GC invocations=246 (full 8):
 PSYoungGen      total 9216K, used 1504K [0x00000000eab00000, 0x00000000eb780000, 0x0000000100000000)
  eden space 7680K, 0% used [0x00000000eab00000,0x00000000eab00000,0x00000000eb280000)
  from space 1536K, 97% used [0x00000000eb280000,0x00000000eb3f8040,0x00000000eb400000)
  to   space 2560K, 0% used [0x00000000eb500000,0x00000000eb500000,0x00000000eb780000)
 ParOldGen       total 131072K, used 116387K [0x00000000c0000000, 0x00000000c8000000, 0x00000000eab00000)
  object space 131072K, 88% used [0x00000000c0000000,0x00000000c71a8f80,0x00000000c8000000)
 Metaspace       used 80416K, committed 81856K, reserved 1179648K
  class space    used 8257K, committed 8896K, reserved 1048576K
}

