# JRE version: OpenJDK Runtime Environment Temurin-17.0.10+7 (17.0.10+7) (build 17.0.10+7)
# Java VM: OpenJDK 64-Bit Server VM Temurin-17.0.10+7 (17.0.10+7, mixed mode, tiered, compressed oops, compressed class ptrs, parallel gc, windows-amd64)
GC Precious Log:
 CPUs: 4 total, 4 available
 Memory: 8082M
 Large Page Support: Disabled
 NUMA Support: Disabled
 Compressed Oops: Enabled (32-bit)
 Alignments: Space 512K, Generation 512K, Heap 2M
 Heap Min Capacity: 100M
 Heap Initial Capacity: 100M
 Heap Max Capacity: 1G
 Pre-touch: Disabled
 Parallel Workers: 4
Heap:
 PSYoungGen      total 19968K, used 3151K [0x00000000eab00000, 0x00000000ec400000, 0x0000000100000000)
  eden space 18432K, 8% used [0x00000000eab00000,0x00000000eac9a188,0x00000000ebd00000)
  from space 1536K, 98% used [0x00000000ebe00000,0x00000000ebf79ac8,0x00000000ebf80000)
  to   space 3584K, 0% used [0x00000000ec080000,0x00000000ec080000,0x00000000ec400000)
 ParOldGen       total 68608K, used 62950K [0x00000000c0000000, 0x00000000c4300000, 0x00000000eab00000)
  object space 68608K, 91% used [0x00000000c0000000,0x00000000c3d79ae0,0x00000000c4300000)
 Metaspace       used 67692K, committed 68992K, reserved 1114112K
  class space    used 7230K, committed 7808K, reserved 1048576K
GC Heap History (20 events):
Event: 16.992 GC heap before
{Heap before GC invocations=44 (full 3):
 PSYoungGen      total 19968K, used 19837K [0x00000000eab00000, 0x00000000ec080000, 0x0000000100000000)
  eden space 18432K, 99% used [0x00000000eab00000,0x00000000ebcf3780,0x00000000ebd00000)
  from space 1536K, 94% used [0x00000000ebf00000,0x00000000ec06bf30,0x00000000ec080000)
  to   space 1536K, 0% used [0x00000000ebd80000,0x00000000ebd80000,0x00000000ebf00000)
 ParOldGen       total 68608K, used 48240K [0x00000000c0000000, 0x00000000c4300000, 0x00000000eab00000)
  object space 68608K, 70% used [0x00000000c0000000,0x00000000c2f1c2d0,0x00000000c4300000)
 Metaspace       used 65243K, committed 66688K, reserved 1114112K
  class space    used 6962K, committed 7616K, reserved 1048576K
}
Event: 16.998 GC heap after
{Heap after GC invocations=44 (full 3):
 PSYoungGen      total 18944K, used 496K [0x00000000eab00000, 0x00000000ebf80000, 0x0000000100000000)
  eden space 18432K, 0% used [0x00000000eab00000,0x00000000eab00000,0x00000000ebd00000)
  from space 512K, 97% used [0x00000000ebd80000,0x00000000ebdfc3d0,0x00000000ebe00000)
  to   space 1024K, 0% used [0x00000000ebe80000,0x00000000ebe80000,0x00000000ebf80000)
 ParOldGen       total 68608K, used 49584K [0x00000000c0000000, 0x00000000c4300000, 0x00000000eab00000)
  object space 68608K, 72% used [0x00000000c0000000,0x00000000c306c2d0,0x00000000c4300000)
 Metaspace       used 65243K, committed 66688K, reserved 1114112K
  class space    used 6962K, committed 7616K, reserved 1048576K
}
Event: 17.178 GC heap before
{Heap before GC invocations=45 (full 3):
 PSYoungGen      total 18944K, used 18928K [0x00000000eab00000, 0x00000000ebf80000, 0x0000000100000000)
  eden space 18432K, 100% used [0x00000000eab00000,0x00000000ebd00000,0x00000000ebd00000)
  from space 512K, 97% used [0x00000000ebd80000,0x00000000ebdfc3d0,0x00000000ebe00000)
  to   space 1024K, 0% used [0x00000000ebe80000,0x00000000ebe80000,0x00000000ebf80000)
 ParOldGen       total 68608K, used 49584K [0x00000000c0000000, 0x00000000c4300000, 0x00000000eab00000)
  object space 68608K, 72% used [0x00000000c0000000,0x00000000c306c2d0,0x00000000c4300000)
 Metaspace       used 65733K, committed 67136K, reserved 1114112K
  class space    used 6996K, committed 7616K, reserved 1048576K
}
Event: 17.180 GC heap after
{Heap after GC invocations=45 (full 3):
 PSYoungGen      total 19456K, used 724K [0x00000000eab00000, 0x00000000ebf80000, 0x0000000100000000)
  eden space 18432K, 0% used [0x00000000eab00000,0x00000000eab00000,0x00000000ebd00000)
  from space 1024K, 70% used [0x00000000ebe80000,0x00000000ebf35300,0x00000000ebf80000)
  to   space 1024K, 0% used [0x00000000ebd80000,0x00000000ebd80000,0x00000000ebe80000)
 ParOldGen       total 68608K, used 49788K [0x00000000c0000000, 0x00000000c4300000, 0x00000000eab00000)
  object space 68608K, 72% used [0x00000000c0000000,0x00000000c309f3d0,0x00000000c4300000)
 Metaspace       used 65733K, committed 67136K, reserved 1114112K
  class space    used 6996K, committed 7616K, reserved 1048576K
}
Event: 17.264 GC heap before
{Heap before GC invocations=46 (full 3):
 PSYoungGen      total 19456K, used 19156K [0x00000000eab00000, 0x00000000ebf80000, 0x0000000100000000)
  eden space 18432K, 100% used [0x00000000eab00000,0x00000000ebd00000,0x00000000ebd00000)
  from space 1024K, 70% used [0x00000000ebe80000,0x00000000ebf35300,0x00000000ebf80000)
  to   space 1024K, 0% used [0x00000000ebd80000,0x00000000ebd80000,0x00000000ebe80000)
 ParOldGen       total 68608K, used 49788K [0x00000000c0000000, 0x00000000c4300000, 0x00000000eab00000)
  object space 68608K, 72% used [0x00000000c0000000,0x00000000c309f3d0,0x00000000c4300000)
 Metaspace       used 65803K, committed 67136K, reserved 1114112K
  class space    used 7008K, committed 7616K, reserved 1048576K
}
Event: 17.267 GC heap after
{Heap after GC invocations=46 (full 3):
 PSYoungGen      total 19456K, used 1017K [0x00000000eab00000, 0x00000000ec300000, 0x0000000100000000)
  eden space 18432K, 0% used [0x00000000eab00000,0x00000000eab00000,0x00000000ebd00000)
  from space 1024K, 99% used [0x00000000ebd80000,0x00000000ebe7e6d8,0x00000000ebe80000)
  to   space 3072K, 0% used [0x00000000ec000000,0x00000000ec000000,0x00000000ec300000)
 ParOldGen       total 68608K, used 51248K [0x00000000c0000000, 0x00000000c4300000, 0x00000000eab00000)
  object space 68608K, 74% used [0x00000000c0000000,0x00000000c320c270,0x00000000c4300000)
 Metaspace       used 65803K, committed 67136K, reserved 1114112K
  class space    used 7008K, committed 7616K, reserved 1048576K
}
Event: 17.362 GC heap before
{Heap before GC invocations=47 (full 3):
 PSYoungGen      total 19456K, used 19449K [0x00000000eab00000, 0x00000000ec300000, 0x0000000100000000)
  eden space 18432K, 100% used [0x00000000eab00000,0x00000000ebd00000,0x00000000ebd00000)
  from space 1024K, 99% used [0x00000000ebd80000,0x00000000ebe7e6d8,0x00000000ebe80000)
  to   space 3072K, 0% used [0x00000000ec000000,0x00000000ec000000,0x00000000ec300000)
 ParOldGen       total 68608K, used 51248K [0x00000000c0000000, 0x00000000c4300000, 0x00000000eab00000)
  object space 68608K, 74% used [0x00000000c0000000,0x00000000c320c270,0x00000000c4300000)
 Metaspace       used 65829K, committed 67136K, reserved 1114112K
  class space    used 7009K, committed 7616K, reserved 1048576K
}
Event: 17.365 GC heap after
{Heap after GC invocations=47 (full 3):
 PSYoungGen      total 20480K, used 1664K [0x00000000eab00000, 0x00000000ec200000, 0x0000000100000000)
  eden space 18432K, 0% used [0x00000000eab00000,0x00000000eab00000,0x00000000ebd00000)
  from space 2048K, 81% used [0x00000000ec000000,0x00000000ec1a0260,0x00000000ec200000)
  to   space 2048K, 0% used [0x00000000ebe00000,0x00000000ebe00000,0x00000000ec000000)
 ParOldGen       total 68608K, used 52248K [0x00000000c0000000, 0x00000000c4300000, 0x00000000eab00000)
  object space 68608K, 76% used [0x00000000c0000000,0x00000000c33062d8,0x00000000c4300000)
 Metaspace       used 65829K, committed 67136K, reserved 1114112K
  class space    used 7009K, committed 7616K, reserved 1048576K
}
Event: 17.447 GC heap before
{Heap before GC invocations=48 (full 3):
 PSYoungGen      total 20480K, used 20096K [0x00000000eab00000, 0x00000000ec200000, 0x0000000100000000)
  eden space 18432K, 100% used [0x00000000eab00000,0x00000000ebd00000,0x00000000ebd00000)
  from space 2048K, 81% used [0x00000000ec000000,0x00000000ec1a0260,0x00000000ec200000)
  to   space 2048K, 0% used [0x00000000ebe00000,0x00000000ebe00000,0x00000000ec000000)
 ParOldGen       total 68608K, used 52248K [0x00000000c0000000, 0x00000000c4300000, 0x00000000eab00000)
  object space 68608K, 76% used [0x00000000c0000000,0x00000000c33062d8,0x00000000c4300000)
 Metaspace       used 65934K, committed 67264K, reserved 1114112K
  class space    used 7016K, committed 7616K, reserved 1048576K
}
Event: 17.450 GC heap after
{Heap after GC invocations=48 (full 3):
 PSYoungGen      total 20480K, used 2035K [0x00000000eab00000, 0x00000000ec600000, 0x0000000100000000)
  eden space 18432K, 0% used [0x00000000eab00000,0x00000000eab00000,0x00000000ebd00000)
  from space 2048K, 99% used [0x00000000ebe00000,0x00000000ebffcf70,0x00000000ec000000)
  to   space 4608K, 0% used [0x00000000ec180000,0x00000000ec180000,0x00000000ec600000)
 ParOldGen       total 68608K, used 54140K [0x00000000c0000000, 0x00000000c4300000, 0x00000000eab00000)
  object space 68608K, 78% used [0x00000000c0000000,0x00000000c34df048,0x00000000c4300000)
 Metaspace       used 65934K, committed 67264K, reserved 1114112K
  class space    used 7016K, committed 7616K, reserved 1048576K
}
Event: 17.507 GC heap before
{Heap before GC invocations=49 (full 3):
 PSYoungGen      total 20480K, used 20467K [0x00000000eab00000, 0x00000000ec600000, 0x0000000100000000)
  eden space 18432K, 100% used [0x00000000eab00000,0x00000000ebd00000,0x00000000ebd00000)
  from space 2048K, 99% used [0x00000000ebe00000,0x00000000ebffcf70,0x00000000ec000000)
  to   space 4608K, 0% used [0x00000000ec180000,0x00000000ec180000,0x00000000ec600000)
 ParOldGen       total 68608K, used 54140K [0x00000000c0000000, 0x00000000c4300000, 0x00000000eab00000)
  object space 68608K, 78% used [0x00000000c0000000,0x00000000c34df048,0x00000000c4300000)
 Metaspace       used 65952K, committed 67264K, reserved 1114112K
  class space    used 7018K, committed 7616K, reserved 1048576K
}
Event: 17.510 GC heap after
{Heap after GC invocations=49 (full 3):
 PSYoungGen      total 19968K, used 1312K [0x00000000eab00000, 0x00000000ec300000, 0x0000000100000000)
  eden space 18432K, 0% used [0x00000000eab00000,0x00000000eab00000,0x00000000ebd00000)
  from space 1536K, 85% used [0x00000000ec180000,0x00000000ec2c8060,0x00000000ec300000)
  to   space 2560K, 0% used [0x00000000ebe00000,0x00000000ebe00000,0x00000000ec080000)
 ParOldGen       total 68608K, used 56067K [0x00000000c0000000, 0x00000000c4300000, 0x00000000eab00000)
  object space 68608K, 81% used [0x00000000c0000000,0x00000000c36c0f78,0x00000000c4300000)
 Metaspace       used 65952K, committed 67264K, reserved 1114112K
  class space    used 7018K, committed 7616K, reserved 1048576K
}
Event: 17.598 GC heap before
{Heap before GC invocations=50 (full 3):
 PSYoungGen      total 19968K, used 19744K [0x00000000eab00000, 0x00000000ec300000, 0x0000000100000000)
  eden space 18432K, 100% used [0x00000000eab00000,0x00000000ebd00000,0x00000000ebd00000)
  from space 1536K, 85% used [0x00000000ec180000,0x00000000ec2c8060,0x00000000ec300000)
  to   space 2560K, 0% used [0x00000000ebe00000,0x00000000ebe00000,0x00000000ec080000)
 ParOldGen       total 68608K, used 56076K [0x00000000c0000000, 0x00000000c4300000, 0x00000000eab00000)
  object space 68608K, 81% used [0x00000000c0000000,0x00000000c36c3018,0x00000000c4300000)
 Metaspace       used 65956K, committed 67264K, reserved 1114112K
  class space    used 7018K, committed 7616K, reserved 1048576K
}
Event: 17.601 GC heap after
{Heap after GC invocations=50 (full 3):
 PSYoungGen      total 20992K, used 1124K [0x00000000eab00000, 0x00000000ec200000, 0x0000000100000000)
  eden space 18432K, 0% used [0x00000000eab00000,0x00000000eab00000,0x00000000ebd00000)
  from space 2560K, 43% used [0x00000000ebe00000,0x00000000ebf19100,0x00000000ec080000)
  to   space 1536K, 0% used [0x00000000ec080000,0x00000000ec080000,0x00000000ec200000)
 ParOldGen       total 68608K, used 57336K [0x00000000c0000000, 0x00000000c4300000, 0x00000000eab00000)
  object space 68608K, 83% used [0x00000000c0000000,0x00000000c37fe350,0x00000000c4300000)
 Metaspace       used 65956K, committed 67264K, reserved 1114112K
  class space    used 7018K, committed 7616K, reserved 1048576K
}
Event: 17.707 GC heap before
{Heap before GC invocations=51 (full 3):
 PSYoungGen      total 20992K, used 19556K [0x00000000eab00000, 0x00000000ec200000, 0x0000000100000000)
  eden space 18432K, 100% used [0x00000000eab00000,0x00000000ebd00000,0x00000000ebd00000)
  from space 2560K, 43% used [0x00000000ebe00000,0x00000000ebf19100,0x00000000ec080000)
  to   space 1536K, 0% used [0x00000000ec080000,0x00000000ec080000,0x00000000ec200000)
 ParOldGen       total 68608K, used 57338K [0x00000000c0000000, 0x00000000c4300000, 0x00000000eab00000)
  object space 68608K, 83% used [0x00000000c0000000,0x00000000c37feb58,0x00000000c4300000)
 Metaspace       used 65979K, committed 67328K, reserved 1114112K
  class space    used 7022K, committed 7616K, reserved 1048576K
}
Event: 17.711 GC heap after
{Heap after GC invocations=51 (full 3):
 PSYoungGen      total 19968K, used 1511K [0x00000000eab00000, 0x00000000ec400000, 0x0000000100000000)
  eden space 18432K, 0% used [0x00000000eab00000,0x00000000eab00000,0x00000000ebd00000)
  from space 1536K, 98% used [0x00000000ec080000,0x00000000ec1f9f58,0x00000000ec200000)
  to   space 3584K, 0% used [0x00000000ebd00000,0x00000000ebd00000,0x00000000ec080000)
 ParOldGen       total 68608K, used 58865K [0x00000000c0000000, 0x00000000c4300000, 0x00000000eab00000)
  object space 68608K, 85% used [0x00000000c0000000,0x00000000c397c628,0x00000000c4300000)
 Metaspace       used 65979K, committed 67328K, reserved 1114112K
  class space    used 7022K, committed 7616K, reserved 1048576K
}
Event: 17.780 GC heap before
{Heap before GC invocations=52 (full 3):
 PSYoungGen      total 19968K, used 19943K [0x00000000eab00000, 0x00000000ec400000, 0x0000000100000000)
  eden space 18432K, 100% used [0x00000000eab00000,0x00000000ebd00000,0x00000000ebd00000)
  from space 1536K, 98% used [0x00000000ec080000,0x00000000ec1f9f58,0x00000000ec200000)
  to   space 3584K, 0% used [0x00000000ebd00000,0x00000000ebd00000,0x00000000ec080000)
 ParOldGen       total 68608K, used 58865K [0x00000000c0000000, 0x00000000c4300000, 0x00000000eab00000)
  object space 68608K, 85% used [0x00000000c0000000,0x00000000c397c628,0x00000000c4300000)
 Metaspace       used 65981K, committed 67328K, reserved 1114112K
  class space    used 7022K, committed 7616K, reserved 1048576K
}
Event: 17.787 GC heap after
{Heap after GC invocations=52 (full 3):
 PSYoungGen      total 20480K, used 1952K [0x00000000eab00000, 0x00000000ec200000, 0x0000000100000000)
  eden space 18432K, 0% used [0x00000000eab00000,0x00000000eab00000,0x00000000ebd00000)
  from space 2048K, 95% used [0x00000000ebd00000,0x00000000ebee8000,0x00000000ebf00000)
  to   space 2560K, 0% used [0x00000000ebf80000,0x00000000ebf80000,0x00000000ec200000)
 ParOldGen       total 68608K, used 60206K [0x00000000c0000000, 0x00000000c4300000, 0x00000000eab00000)
  object space 68608K, 87% used [0x00000000c0000000,0x00000000c3acba20,0x00000000c4300000)
 Metaspace       used 65981K, committed 67328K, reserved 1114112K
  class space    used 7022K, committed 7616K, reserved 1048576K
}
Event: 18.138 GC heap before
{Heap before GC invocations=53 (full 3):
 PSYoungGen      total 20480K, used 20384K [0x00000000eab00000, 0x00000000ec200000, 0x0000000100000000)
  eden space 18432K, 100% used [0x00000000eab00000,0x00000000ebd00000,0x00000000ebd00000)
  from space 2048K, 95% used [0x00000000ebd00000,0x00000000ebee8000,0x00000000ebf00000)
  to   space 2560K, 0% used [0x00000000ebf80000,0x00000000ebf80000,0x00000000ec200000)
 ParOldGen       total 68608K, used 60206K [0x00000000c0000000, 0x00000000c4300000, 0x00000000eab00000)
  object space 68608K, 87% used [0x00000000c0000000,0x00000000c3acba20,0x00000000c4300000)
 Metaspace       used 66663K, committed 68032K, reserved 1114112K
  class space    used 7139K, committed 7744K, reserved 1048576K
}
Event: 18.142 GC heap after
{Heap after GC invocations=53 (full 3):
 PSYoungGen      total 19968K, used 1088K [0x00000000eab00000, 0x00000000ec100000, 0x0000000100000000)
  eden space 18432K, 0% used [0x00000000eab00000,0x00000000eab00000,0x00000000ebd00000)
  from space 1536K, 70% used [0x00000000ebf80000,0x00000000ec090040,0x00000000ec100000)
  to   space 1536K, 0% used [0x00000000ebe00000,0x00000000ebe00000,0x00000000ebf80000)
 ParOldGen       total 68608K, used 61430K [0x00000000c0000000, 0x00000000c4300000, 0x00000000eab00000)
  object space 68608K, 89% used [0x00000000c0000000,0x00000000c3bfda20,0x00000000c4300000)
 Metaspace       used 66663K, committed 68032K, reserved 1114112K
  class space    used 7139K, committed 7744K, reserved 1048576K
}

