# JRE version: OpenJDK Runtime Environment Temurin-17.0.10+7 (17.0.10+7) (build 17.0.10+7)
# Java VM: OpenJDK 64-Bit Server VM Temurin-17.0.10+7 (17.0.10+7, mixed mode, tiered, compressed oops, compressed class ptrs, parallel gc, windows-amd64)
GC Precious Log:
 CPUs: 4 total, 4 available
 Memory: 8082M
 Large Page Support: Disabled
 NUMA Support: Disabled
 Compressed Oops: Enabled (32-bit)
 Alignments: Space 512K, Generation 512K, Heap 2M
 Heap Min Capacity: 100M
 Heap Initial Capacity: 100M
 Heap Max Capacity: 1G
 Pre-touch: Disabled
 Parallel Workers: 4
Heap:
 PSYoungGen      total 15360K, used 9704K [0x00000000eab00000, 0x00000000ec580000, 0x0000000100000000)
  eden space 5632K, 0% used [0x00000000eab00000,0x00000000eab00000,0x00000000eb080000)
  from space 9728K, 99% used [0x00000000ebb80000,0x00000000ec4fa378,0x00000000ec500000)
  to   space 10752K, 0% used [0x00000000eb080000,0x00000000eb080000,0x00000000ebb00000)
 ParOldGen       total 147968K, used 146978K [0x00000000c0000000, 0x00000000c9080000, 0x00000000eab00000)
  object space 147968K, 99% used [0x00000000c0000000,0x00000000c8f88818,0x00000000c9080000)
 Metaspace       used 81848K, committed 83392K, reserved 1179648K
  class space    used 8422K, committed 9088K, reserved 1048576K
GC Heap History (20 events):
Event: 67.349 GC heap after
{Heap after GC invocations=117 (full 7):
 PSYoungGen      total 15872K, used 10749K [0x00000000eab00000, 0x00000000eca80000, 0x0000000100000000)
  eden space 5120K, 0% used [0x00000000eab00000,0x00000000eab00000,0x00000000eb000000)
  from space 10752K, 99% used [0x00000000eb000000,0x00000000eba7f688,0x00000000eba80000)
  to   space 13312K, 0% used [0x00000000ebd80000,0x00000000ebd80000,0x00000000eca80000)
 ParOldGen       total 147968K, used 143918K [0x00000000c0000000, 0x00000000c9080000, 0x00000000eab00000)
  object space 147968K, 97% used [0x00000000c0000000,0x00000000c8c8bb18,0x00000000c9080000)
 Metaspace       used 80931K, committed 82304K, reserved 1179648K
  class space    used 8371K, committed 9024K, reserved 1048576K
}
Event: 67.401 GC heap before
{Heap before GC invocations=118 (full 7):
 PSYoungGen      total 15872K, used 15676K [0x00000000eab00000, 0x00000000eca80000, 0x0000000100000000)
  eden space 5120K, 96% used [0x00000000eab00000,0x00000000eafcfc68,0x00000000eb000000)
  from space 10752K, 99% used [0x00000000eb000000,0x00000000eba7f688,0x00000000eba80000)
  to   space 13312K, 0% used [0x00000000ebd80000,0x00000000ebd80000,0x00000000eca80000)
 ParOldGen       total 147968K, used 143918K [0x00000000c0000000, 0x00000000c9080000, 0x00000000eab00000)
  object space 147968K, 97% used [0x00000000c0000000,0x00000000c8c8bb18,0x00000000c9080000)
 Metaspace       used 80977K, committed 82368K, reserved 1179648K
  class space    used 8375K, committed 9024K, reserved 1048576K
}
Event: 67.411 GC heap after
{Heap after GC invocations=118 (full 7):
 PSYoungGen      total 18432K, used 13221K [0x00000000eab00000, 0x00000000ecb80000, 0x0000000100000000)
  eden space 5120K, 0% used [0x00000000eab00000,0x00000000eab00000,0x00000000eb000000)
  from space 13312K, 99% used [0x00000000ebd80000,0x00000000eca69488,0x00000000eca80000)
  to   space 13824K, 0% used [0x00000000eb000000,0x00000000eb000000,0x00000000ebd80000)
 ParOldGen       total 147968K, used 144046K [0x00000000c0000000, 0x00000000c9080000, 0x00000000eab00000)
  object space 147968K, 97% used [0x00000000c0000000,0x00000000c8cabb18,0x00000000c9080000)
 Metaspace       used 80977K, committed 82368K, reserved 1179648K
  class space    used 8375K, committed 9024K, reserved 1048576K
}
Event: 67.577 GC heap before
{Heap before GC invocations=119 (full 7):
 PSYoungGen      total 18432K, used 18339K [0x00000000eab00000, 0x00000000ecb80000, 0x0000000100000000)
  eden space 5120K, 99% used [0x00000000eab00000,0x00000000eafff868,0x00000000eb000000)
  from space 13312K, 99% used [0x00000000ebd80000,0x00000000eca69488,0x00000000eca80000)
  to   space 13824K, 0% used [0x00000000eb000000,0x00000000eb000000,0x00000000ebd80000)
 ParOldGen       total 147968K, used 144046K [0x00000000c0000000, 0x00000000c9080000, 0x00000000eab00000)
  object space 147968K, 97% used [0x00000000c0000000,0x00000000c8cabb18,0x00000000c9080000)
 Metaspace       used 81193K, committed 82688K, reserved 1179648K
  class space    used 8397K, committed 9088K, reserved 1048576K
}
Event: 67.590 GC heap after
{Heap after GC invocations=119 (full 7):
 PSYoungGen      total 18944K, used 13792K [0x00000000eab00000, 0x00000000ecc80000, 0x0000000100000000)
  eden space 5120K, 0% used [0x00000000eab00000,0x00000000eab00000,0x00000000eb000000)
  from space 13824K, 99% used [0x00000000eb000000,0x00000000ebd781d8,0x00000000ebd80000)
  to   space 14336K, 0% used [0x00000000ebe80000,0x00000000ebe80000,0x00000000ecc80000)
 ParOldGen       total 147968K, used 144246K [0x00000000c0000000, 0x00000000c9080000, 0x00000000eab00000)
  object space 147968K, 97% used [0x00000000c0000000,0x00000000c8cddb18,0x00000000c9080000)
 Metaspace       used 81193K, committed 82688K, reserved 1179648K
  class space    used 8397K, committed 9088K, reserved 1048576K
}
Event: 67.773 GC heap before
{Heap before GC invocations=120 (full 7):
 PSYoungGen      total 18944K, used 18912K [0x00000000eab00000, 0x00000000ecc80000, 0x0000000100000000)
  eden space 5120K, 100% used [0x00000000eab00000,0x00000000eb000000,0x00000000eb000000)
  from space 13824K, 99% used [0x00000000eb000000,0x00000000ebd781d8,0x00000000ebd80000)
  to   space 14336K, 0% used [0x00000000ebe80000,0x00000000ebe80000,0x00000000ecc80000)
 ParOldGen       total 147968K, used 144246K [0x00000000c0000000, 0x00000000c9080000, 0x00000000eab00000)
  object space 147968K, 97% used [0x00000000c0000000,0x00000000c8cddb18,0x00000000c9080000)
 Metaspace       used 81509K, committed 82944K, reserved 1179648K
  class space    used 8406K, committed 9088K, reserved 1048576K
}
Event: 67.785 GC heap after
{Heap after GC invocations=120 (full 7):
 PSYoungGen      total 19968K, used 14235K [0x00000000eab00000, 0x00000000ecc80000, 0x0000000100000000)
  eden space 5632K, 0% used [0x00000000eab00000,0x00000000eab00000,0x00000000eb080000)
  from space 14336K, 99% used [0x00000000ebe80000,0x00000000ecc66d80,0x00000000ecc80000)
  to   space 14336K, 0% used [0x00000000eb080000,0x00000000eb080000,0x00000000ebe80000)
 ParOldGen       total 147968K, used 144270K [0x00000000c0000000, 0x00000000c9080000, 0x00000000eab00000)
  object space 147968K, 97% used [0x00000000c0000000,0x00000000c8ce3b18,0x00000000c9080000)
 Metaspace       used 81509K, committed 82944K, reserved 1179648K
  class space    used 8406K, committed 9088K, reserved 1048576K
}
Event: 68.172 GC heap before
{Heap before GC invocations=121 (full 7):
 PSYoungGen      total 19968K, used 19867K [0x00000000eab00000, 0x00000000ecc80000, 0x0000000100000000)
  eden space 5632K, 100% used [0x00000000eab00000,0x00000000eb080000,0x00000000eb080000)
  from space 14336K, 99% used [0x00000000ebe80000,0x00000000ecc66d80,0x00000000ecc80000)
  to   space 14336K, 0% used [0x00000000eb080000,0x00000000eb080000,0x00000000ebe80000)
 ParOldGen       total 147968K, used 144270K [0x00000000c0000000, 0x00000000c9080000, 0x00000000eab00000)
  object space 147968K, 97% used [0x00000000c0000000,0x00000000c8ce3b18,0x00000000c9080000)
 Metaspace       used 81681K, committed 83200K, reserved 1179648K
  class space    used 8412K, committed 9088K, reserved 1048576K
}
Event: 68.185 GC heap after
{Heap after GC invocations=121 (full 7):
 PSYoungGen      total 19968K, used 14128K [0x00000000eab00000, 0x00000000ecd80000, 0x0000000100000000)
  eden space 5632K, 0% used [0x00000000eab00000,0x00000000eab00000,0x00000000eb080000)
  from space 14336K, 98% used [0x00000000eb080000,0x00000000ebe4c188,0x00000000ebe80000)
  to   space 14336K, 0% used [0x00000000ebf80000,0x00000000ebf80000,0x00000000ecd80000)
 ParOldGen       total 147968K, used 144278K [0x00000000c0000000, 0x00000000c9080000, 0x00000000eab00000)
  object space 147968K, 97% used [0x00000000c0000000,0x00000000c8ce5b18,0x00000000c9080000)
 Metaspace       used 81681K, committed 83200K, reserved 1179648K
  class space    used 8412K, committed 9088K, reserved 1048576K
}
Event: 68.315 GC heap before
{Heap before GC invocations=122 (full 7):
 PSYoungGen      total 19968K, used 19760K [0x00000000eab00000, 0x00000000ecd80000, 0x0000000100000000)
  eden space 5632K, 100% used [0x00000000eab00000,0x00000000eb080000,0x00000000eb080000)
  from space 14336K, 98% used [0x00000000eb080000,0x00000000ebe4c188,0x00000000ebe80000)
  to   space 14336K, 0% used [0x00000000ebf80000,0x00000000ebf80000,0x00000000ecd80000)
 ParOldGen       total 147968K, used 144278K [0x00000000c0000000, 0x00000000c9080000, 0x00000000eab00000)
  object space 147968K, 97% used [0x00000000c0000000,0x00000000c8ce5b18,0x00000000c9080000)
 Metaspace       used 81687K, committed 83264K, reserved 1179648K
  class space    used 8412K, committed 9088K, reserved 1048576K
}
Event: 68.329 GC heap after
{Heap after GC invocations=122 (full 7):
 PSYoungGen      total 18944K, used 14311K [0x00000000eab00000, 0x00000000ed180000, 0x0000000100000000)
  eden space 4608K, 0% used [0x00000000eab00000,0x00000000eab00000,0x00000000eaf80000)
  from space 14336K, 99% used [0x00000000ebf80000,0x00000000ecd79d50,0x00000000ecd80000)
  to   space 16384K, 0% used [0x00000000eaf80000,0x00000000eaf80000,0x00000000ebf80000)
 ParOldGen       total 147968K, used 145680K [0x00000000c0000000, 0x00000000c9080000, 0x00000000eab00000)
  object space 147968K, 98% used [0x00000000c0000000,0x00000000c8e44080,0x00000000c9080000)
 Metaspace       used 81687K, committed 83264K, reserved 1179648K
  class space    used 8412K, committed 9088K, reserved 1048576K
}
Event: 68.581 GC heap before
{Heap before GC invocations=123 (full 7):
 PSYoungGen      total 18944K, used 18919K [0x00000000eab00000, 0x00000000ed180000, 0x0000000100000000)
  eden space 4608K, 100% used [0x00000000eab00000,0x00000000eaf80000,0x00000000eaf80000)
  from space 14336K, 99% used [0x00000000ebf80000,0x00000000ecd79d50,0x00000000ecd80000)
  to   space 16384K, 0% used [0x00000000eaf80000,0x00000000eaf80000,0x00000000ebf80000)
 ParOldGen       total 147968K, used 145680K [0x00000000c0000000, 0x00000000c9080000, 0x00000000eab00000)
  object space 147968K, 98% used [0x00000000c0000000,0x00000000c8e44080,0x00000000c9080000)
 Metaspace       used 81810K, committed 83328K, reserved 1179648K
  class space    used 8420K, committed 9088K, reserved 1048576K
}
Event: 68.593 GC heap after
{Heap after GC invocations=123 (full 7):
 PSYoungGen      total 14848K, used 9800K [0x00000000eab00000, 0x00000000ec800000, 0x0000000100000000)
  eden space 4608K, 0% used [0x00000000eab00000,0x00000000eab00000,0x00000000eaf80000)
  from space 10240K, 95% used [0x00000000eaf80000,0x00000000eb9121f0,0x00000000eb980000)
  to   space 12288K, 0% used [0x00000000ebc00000,0x00000000ebc00000,0x00000000ec800000)
 ParOldGen       total 147968K, used 146024K [0x00000000c0000000, 0x00000000c9080000, 0x00000000eab00000)
  object space 147968K, 98% used [0x00000000c0000000,0x00000000c8e9a090,0x00000000c9080000)
 Metaspace       used 81810K, committed 83328K, reserved 1179648K
  class space    used 8420K, committed 9088K, reserved 1048576K
}
Event: 77.910 GC heap before
{Heap before GC invocations=124 (full 7):
 PSYoungGen      total 14848K, used 14408K [0x00000000eab00000, 0x00000000ec800000, 0x0000000100000000)
  eden space 4608K, 100% used [0x00000000eab00000,0x00000000eaf80000,0x00000000eaf80000)
  from space 10240K, 95% used [0x00000000eaf80000,0x00000000eb9121f0,0x00000000eb980000)
  to   space 12288K, 0% used [0x00000000ebc00000,0x00000000ebc00000,0x00000000ec800000)
 ParOldGen       total 147968K, used 146024K [0x00000000c0000000, 0x00000000c9080000, 0x00000000eab00000)
  object space 147968K, 98% used [0x00000000c0000000,0x00000000c8e9a090,0x00000000c9080000)
 Metaspace       used 81848K, committed 83392K, reserved 1179648K
  class space    used 8422K, committed 9088K, reserved 1048576K
}
Event: 77.921 GC heap after
{Heap after GC invocations=124 (full 7):
 PSYoungGen      total 14848K, used 9980K [0x00000000eab00000, 0x00000000ec600000, 0x0000000100000000)
  eden space 4608K, 0% used [0x00000000eab00000,0x00000000eab00000,0x00000000eaf80000)
  from space 10240K, 97% used [0x00000000ebc00000,0x00000000ec5bf3f0,0x00000000ec600000)
  to   space 10752K, 0% used [0x00000000eb100000,0x00000000eb100000,0x00000000ebb80000)
 ParOldGen       total 147968K, used 146032K [0x00000000c0000000, 0x00000000c9080000, 0x00000000eab00000)
  object space 147968K, 98% used [0x00000000c0000000,0x00000000c8e9c090,0x00000000c9080000)
 Metaspace       used 81848K, committed 83392K, reserved 1179648K
  class space    used 8422K, committed 9088K, reserved 1048576K
}
Event: 77.967 GC heap before
{Heap before GC invocations=125 (full 7):
 PSYoungGen      total 14848K, used 14588K [0x00000000eab00000, 0x00000000ec600000, 0x0000000100000000)
  eden space 4608K, 100% used [0x00000000eab00000,0x00000000eaf80000,0x00000000eaf80000)
  from space 10240K, 97% used [0x00000000ebc00000,0x00000000ec5bf3f0,0x00000000ec600000)
  to   space 10752K, 0% used [0x00000000eb100000,0x00000000eb100000,0x00000000ebb80000)
 ParOldGen       total 147968K, used 146032K [0x00000000c0000000, 0x00000000c9080000, 0x00000000eab00000)
  object space 147968K, 98% used [0x00000000c0000000,0x00000000c8e9c090,0x00000000c9080000)
 Metaspace       used 81848K, committed 83392K, reserved 1179648K
  class space    used 8422K, committed 9088K, reserved 1048576K
}
Event: 77.975 GC heap after
{Heap after GC invocations=125 (full 7):
 PSYoungGen      total 15872K, used 10268K [0x00000000eab00000, 0x00000000ec500000, 0x0000000100000000)
  eden space 5120K, 0% used [0x00000000eab00000,0x00000000eab00000,0x00000000eb000000)
  from space 10752K, 95% used [0x00000000eb100000,0x00000000ebb073f0,0x00000000ebb80000)
  to   space 9728K, 0% used [0x00000000ebb80000,0x00000000ebb80000,0x00000000ec500000)
 ParOldGen       total 147968K, used 146064K [0x00000000c0000000, 0x00000000c9080000, 0x00000000eab00000)
  object space 147968K, 98% used [0x00000000c0000000,0x00000000c8ea4090,0x00000000c9080000)
 Metaspace       used 81848K, committed 83392K, reserved 1179648K
  class space    used 8422K, committed 9088K, reserved 1048576K
}
Event: 77.992 GC heap before
{Heap before GC invocations=126 (full 7):
 PSYoungGen      total 15872K, used 15388K [0x00000000eab00000, 0x00000000ec500000, 0x0000000100000000)
  eden space 5120K, 100% used [0x00000000eab00000,0x00000000eb000000,0x00000000eb000000)
  from space 10752K, 95% used [0x00000000eb100000,0x00000000ebb073f0,0x00000000ebb80000)
  to   space 9728K, 0% used [0x00000000ebb80000,0x00000000ebb80000,0x00000000ec500000)
 ParOldGen       total 147968K, used 146064K [0x00000000c0000000, 0x00000000c9080000, 0x00000000eab00000)
  object space 147968K, 98% used [0x00000000c0000000,0x00000000c8ea4090,0x00000000c9080000)
 Metaspace       used 81848K, committed 83392K, reserved 1179648K
  class space    used 8422K, committed 9088K, reserved 1048576K
}
Event: 78.001 GC heap after
{Heap after GC invocations=126 (full 7):
 PSYoungGen      total 15360K, used 9704K [0x00000000eab00000, 0x00000000ec580000, 0x0000000100000000)
  eden space 5632K, 0% used [0x00000000eab00000,0x00000000eab00000,0x00000000eb080000)
  from space 9728K, 99% used [0x00000000ebb80000,0x00000000ec4fa378,0x00000000ec500000)
  to   space 10752K, 0% used [0x00000000eb080000,0x00000000eb080000,0x00000000ebb00000)
 ParOldGen       total 147968K, used 146978K [0x00000000c0000000, 0x00000000c9080000, 0x00000000eab00000)
  object space 147968K, 99% used [0x00000000c0000000,0x00000000c8f88818,0x00000000c9080000)
 Metaspace       used 81848K, committed 83392K, reserved 1179648K
  class space    used 8422K, committed 9088K, reserved 1048576K
}
Event: 78.001 GC heap before
{Heap before GC invocations=127 (full 8):
 PSYoungGen      total 15360K, used 9704K [0x00000000eab00000, 0x00000000ec580000, 0x0000000100000000)
  eden space 5632K, 0% used [0x00000000eab00000,0x00000000eab00000,0x00000000eb080000)
  from space 9728K, 99% used [0x00000000ebb80000,0x00000000ec4fa378,0x00000000ec500000)
  to   space 10752K, 0% used [0x00000000eb080000,0x00000000eb080000,0x00000000ebb00000)
 ParOldGen       total 147968K, used 146978K [0x00000000c0000000, 0x00000000c9080000, 0x00000000eab00000)
  object space 147968K, 99% used [0x00000000c0000000,0x00000000c8f88818,0x00000000c9080000)
 Metaspace       used 81848K, committed 83392K, reserved 1179648K
  class space    used 8422K, committed 9088K, reserved 1048576K
}

