# JRE version: OpenJDK Runtime Environment Temurin-17.0.10+7 (17.0.10+7) (build 17.0.10+7)
# Java VM: OpenJDK 64-Bit Server VM Temurin-17.0.10+7 (17.0.10+7, mixed mode, tiered, compressed oops, compressed class ptrs, parallel gc, windows-amd64)
GC Precious Log:
 CPUs: 4 total, 4 available
 Memory: 8082M
 Large Page Support: Disabled
 NUMA Support: Disabled
 Compressed Oops: Enabled (32-bit)
 Alignments: Space 512K, Generation 512K, Heap 2M
 Heap Min Capacity: 100M
 Heap Initial Capacity: 100M
 Heap Max Capacity: 1G
 Pre-touch: Disabled
 Parallel Workers: 4
Heap:
 PSYoungGen      total 22528K, used 544K [0x00000000eab00000, 0x00000000ec380000, 0x0000000100000000)
  eden space 21504K, 0% used [0x00000000eab00000,0x00000000eab00000,0x00000000ec000000)
  from space 1024K, 53% used [0x00000000ec280000,0x00000000ec308010,0x00000000ec380000)
  to   space 1024K, 0% used [0x00000000ec180000,0x00000000ec180000,0x00000000ec280000)
 ParOldGen       total 68608K, used 40667K [0x00000000c0000000, 0x00000000c4300000, 0x00000000eab00000)
  object space 68608K, 59% used [0x00000000c0000000,0x00000000c27b6c30,0x00000000c4300000)
 Metaspace       used 58691K, committed 59776K, reserved 1114112K
  class space    used 6356K, committed 6848K, reserved 1048576K
GC Heap History (20 events):
Event: 15.489 GC heap after
{Heap after GC invocations=21 (full 2):
 PSYoungGen      total 23040K, used 1408K [0x00000000eab00000, 0x00000000ec400000, 0x0000000100000000)
  eden space 21504K, 0% used [0x00000000eab00000,0x00000000eab00000,0x00000000ec000000)
  from space 1536K, 91% used [0x00000000ec000000,0x00000000ec160010,0x00000000ec180000)
  to   space 2048K, 0% used [0x00000000ec200000,0x00000000ec200000,0x00000000ec400000)
 ParOldGen       total 68608K, used 25379K [0x00000000c0000000, 0x00000000c4300000, 0x00000000eab00000)
  object space 68608K, 36% used [0x00000000c0000000,0x00000000c18c8ee0,0x00000000c4300000)
 Metaspace       used 53752K, committed 54848K, reserved 1114112K
  class space    used 5863K, committed 6336K, reserved 1048576K
}
Event: 15.715 GC heap before
{Heap before GC invocations=22 (full 2):
 PSYoungGen      total 23040K, used 22912K [0x00000000eab00000, 0x00000000ec400000, 0x0000000100000000)
  eden space 21504K, 100% used [0x00000000eab00000,0x00000000ec000000,0x00000000ec000000)
  from space 1536K, 91% used [0x00000000ec000000,0x00000000ec160010,0x00000000ec180000)
  to   space 2048K, 0% used [0x00000000ec200000,0x00000000ec200000,0x00000000ec400000)
 ParOldGen       total 68608K, used 25379K [0x00000000c0000000, 0x00000000c4300000, 0x00000000eab00000)
  object space 68608K, 36% used [0x00000000c0000000,0x00000000c18c8ee0,0x00000000c4300000)
 Metaspace       used 53925K, committed 54976K, reserved 1114112K
  class space    used 5869K, committed 6336K, reserved 1048576K
}
Event: 15.719 GC heap after
{Heap after GC invocations=22 (full 2):
 PSYoungGen      total 23552K, used 1848K [0x00000000eab00000, 0x00000000ec400000, 0x0000000100000000)
  eden space 21504K, 0% used [0x00000000eab00000,0x00000000eab00000,0x00000000ec000000)
  from space 2048K, 90% used [0x00000000ec200000,0x00000000ec3ce210,0x00000000ec400000)
  to   space 2048K, 0% used [0x00000000ec000000,0x00000000ec000000,0x00000000ec200000)
 ParOldGen       total 68608K, used 26683K [0x00000000c0000000, 0x00000000c4300000, 0x00000000eab00000)
  object space 68608K, 38% used [0x00000000c0000000,0x00000000c1a0eef0,0x00000000c4300000)
 Metaspace       used 53925K, committed 54976K, reserved 1114112K
  class space    used 5869K, committed 6336K, reserved 1048576K
}
Event: 15.923 GC heap before
{Heap before GC invocations=23 (full 2):
 PSYoungGen      total 23552K, used 23352K [0x00000000eab00000, 0x00000000ec400000, 0x0000000100000000)
  eden space 21504K, 100% used [0x00000000eab00000,0x00000000ec000000,0x00000000ec000000)
  from space 2048K, 90% used [0x00000000ec200000,0x00000000ec3ce210,0x00000000ec400000)
  to   space 2048K, 0% used [0x00000000ec000000,0x00000000ec000000,0x00000000ec200000)
 ParOldGen       total 68608K, used 26683K [0x00000000c0000000, 0x00000000c4300000, 0x00000000eab00000)
  object space 68608K, 38% used [0x00000000c0000000,0x00000000c1a0eef0,0x00000000c4300000)
 Metaspace       used 54249K, committed 55232K, reserved 1114112K
  class space    used 5913K, committed 6336K, reserved 1048576K
}
Event: 15.929 GC heap after
{Heap after GC invocations=23 (full 2):
 PSYoungGen      total 23552K, used 2016K [0x00000000eab00000, 0x00000000ec900000, 0x0000000100000000)
  eden space 21504K, 0% used [0x00000000eab00000,0x00000000eab00000,0x00000000ec000000)
  from space 2048K, 98% used [0x00000000ec000000,0x00000000ec1f8030,0x00000000ec200000)
  to   space 4608K, 0% used [0x00000000ec480000,0x00000000ec480000,0x00000000ec900000)
 ParOldGen       total 68608K, used 28452K [0x00000000c0000000, 0x00000000c4300000, 0x00000000eab00000)
  object space 68608K, 41% used [0x00000000c0000000,0x00000000c1bc9398,0x00000000c4300000)
 Metaspace       used 54249K, committed 55232K, reserved 1114112K
  class space    used 5913K, committed 6336K, reserved 1048576K
}
Event: 16.027 GC heap before
{Heap before GC invocations=24 (full 2):
 PSYoungGen      total 23552K, used 23520K [0x00000000eab00000, 0x00000000ec900000, 0x0000000100000000)
  eden space 21504K, 100% used [0x00000000eab00000,0x00000000ec000000,0x00000000ec000000)
  from space 2048K, 98% used [0x00000000ec000000,0x00000000ec1f8030,0x00000000ec200000)
  to   space 4608K, 0% used [0x00000000ec480000,0x00000000ec480000,0x00000000ec900000)
 ParOldGen       total 68608K, used 28452K [0x00000000c0000000, 0x00000000c4300000, 0x00000000eab00000)
  object space 68608K, 41% used [0x00000000c0000000,0x00000000c1bc9398,0x00000000c4300000)
 Metaspace       used 54437K, committed 55616K, reserved 1114112K
  class space    used 5932K, committed 6464K, reserved 1048576K
}
Event: 16.032 GC heap after
{Heap after GC invocations=24 (full 2):
 PSYoungGen      total 23552K, used 1856K [0x00000000eab00000, 0x00000000ec680000, 0x0000000100000000)
  eden space 21504K, 0% used [0x00000000eab00000,0x00000000eab00000,0x00000000ec000000)
  from space 2048K, 90% used [0x00000000ec480000,0x00000000ec650000,0x00000000ec680000)
  to   space 2560K, 0% used [0x00000000ec180000,0x00000000ec180000,0x00000000ec400000)
 ParOldGen       total 68608K, used 30424K [0x00000000c0000000, 0x00000000c4300000, 0x00000000eab00000)
  object space 68608K, 44% used [0x00000000c0000000,0x00000000c1db6058,0x00000000c4300000)
 Metaspace       used 54437K, committed 55616K, reserved 1114112K
  class space    used 5932K, committed 6464K, reserved 1048576K
}
Event: 16.106 GC heap before
{Heap before GC invocations=25 (full 2):
 PSYoungGen      total 23552K, used 23360K [0x00000000eab00000, 0x00000000ec680000, 0x0000000100000000)
  eden space 21504K, 100% used [0x00000000eab00000,0x00000000ec000000,0x00000000ec000000)
  from space 2048K, 90% used [0x00000000ec480000,0x00000000ec650000,0x00000000ec680000)
  to   space 2560K, 0% used [0x00000000ec180000,0x00000000ec180000,0x00000000ec400000)
 ParOldGen       total 68608K, used 30424K [0x00000000c0000000, 0x00000000c4300000, 0x00000000eab00000)
  object space 68608K, 44% used [0x00000000c0000000,0x00000000c1db6058,0x00000000c4300000)
 Metaspace       used 54610K, committed 55744K, reserved 1114112K
  class space    used 5949K, committed 6464K, reserved 1048576K
}
Event: 16.111 GC heap after
{Heap after GC invocations=25 (full 2):
 PSYoungGen      total 24064K, used 2112K [0x00000000eab00000, 0x00000000ec500000, 0x0000000100000000)
  eden space 21504K, 0% used [0x00000000eab00000,0x00000000eab00000,0x00000000ec000000)
  from space 2560K, 82% used [0x00000000ec180000,0x00000000ec390010,0x00000000ec400000)
  to   space 1024K, 0% used [0x00000000ec400000,0x00000000ec400000,0x00000000ec500000)
 ParOldGen       total 68608K, used 32248K [0x00000000c0000000, 0x00000000c4300000, 0x00000000eab00000)
  object space 68608K, 47% used [0x00000000c0000000,0x00000000c1f7e058,0x00000000c4300000)
 Metaspace       used 54610K, committed 55744K, reserved 1114112K
  class space    used 5949K, committed 6464K, reserved 1048576K
}
Event: 16.207 GC heap before
{Heap before GC invocations=26 (full 2):
 PSYoungGen      total 24064K, used 23616K [0x00000000eab00000, 0x00000000ec500000, 0x0000000100000000)
  eden space 21504K, 100% used [0x00000000eab00000,0x00000000ec000000,0x00000000ec000000)
  from space 2560K, 82% used [0x00000000ec180000,0x00000000ec390010,0x00000000ec400000)
  to   space 1024K, 0% used [0x00000000ec400000,0x00000000ec400000,0x00000000ec500000)
 ParOldGen       total 68608K, used 32248K [0x00000000c0000000, 0x00000000c4300000, 0x00000000eab00000)
  object space 68608K, 47% used [0x00000000c0000000,0x00000000c1f7e058,0x00000000c4300000)
 Metaspace       used 54891K, committed 56000K, reserved 1114112K
  class space    used 5988K, committed 6464K, reserved 1048576K
}
Event: 16.213 GC heap after
{Heap after GC invocations=26 (full 2):
 PSYoungGen      total 22528K, used 992K [0x00000000eab00000, 0x00000000ec800000, 0x0000000100000000)
  eden space 21504K, 0% used [0x00000000eab00000,0x00000000eab00000,0x00000000ec000000)
  from space 1024K, 96% used [0x00000000ec400000,0x00000000ec4f8020,0x00000000ec500000)
  to   space 4096K, 0% used [0x00000000ec000000,0x00000000ec000000,0x00000000ec400000)
 ParOldGen       total 68608K, used 34980K [0x00000000c0000000, 0x00000000c4300000, 0x00000000eab00000)
  object space 68608K, 50% used [0x00000000c0000000,0x00000000c22293c0,0x00000000c4300000)
 Metaspace       used 54891K, committed 56000K, reserved 1114112K
  class space    used 5988K, committed 6464K, reserved 1048576K
}
Event: 16.957 GC heap before
{Heap before GC invocations=27 (full 2):
 PSYoungGen      total 22528K, used 22496K [0x00000000eab00000, 0x00000000ec800000, 0x0000000100000000)
  eden space 21504K, 100% used [0x00000000eab00000,0x00000000ec000000,0x00000000ec000000)
  from space 1024K, 96% used [0x00000000ec400000,0x00000000ec4f8020,0x00000000ec500000)
  to   space 4096K, 0% used [0x00000000ec000000,0x00000000ec000000,0x00000000ec400000)
 ParOldGen       total 68608K, used 34980K [0x00000000c0000000, 0x00000000c4300000, 0x00000000eab00000)
  object space 68608K, 50% used [0x00000000c0000000,0x00000000c22293c0,0x00000000c4300000)
 Metaspace       used 56018K, committed 57088K, reserved 1114112K
  class space    used 6098K, committed 6592K, reserved 1048576K
}
Event: 16.964 GC heap after
{Heap after GC invocations=27 (full 2):
 PSYoungGen      total 24064K, used 2256K [0x00000000eab00000, 0x00000000ec600000, 0x0000000100000000)
  eden space 21504K, 0% used [0x00000000eab00000,0x00000000eab00000,0x00000000ec000000)
  from space 2560K, 88% used [0x00000000ec000000,0x00000000ec234010,0x00000000ec280000)
  to   space 3072K, 0% used [0x00000000ec300000,0x00000000ec300000,0x00000000ec600000)
 ParOldGen       total 68608K, used 35988K [0x00000000c0000000, 0x00000000c4300000, 0x00000000eab00000)
  object space 68608K, 52% used [0x00000000c0000000,0x00000000c23253e0,0x00000000c4300000)
 Metaspace       used 56018K, committed 57088K, reserved 1114112K
  class space    used 6098K, committed 6592K, reserved 1048576K
}
Event: 18.904 GC heap before
{Heap before GC invocations=28 (full 2):
 PSYoungGen      total 24064K, used 23760K [0x00000000eab00000, 0x00000000ec600000, 0x0000000100000000)
  eden space 21504K, 100% used [0x00000000eab00000,0x00000000ec000000,0x00000000ec000000)
  from space 2560K, 88% used [0x00000000ec000000,0x00000000ec234010,0x00000000ec280000)
  to   space 3072K, 0% used [0x00000000ec300000,0x00000000ec300000,0x00000000ec600000)
 ParOldGen       total 68608K, used 35988K [0x00000000c0000000, 0x00000000c4300000, 0x00000000eab00000)
  object space 68608K, 52% used [0x00000000c0000000,0x00000000c23253e0,0x00000000c4300000)
 Metaspace       used 57360K, committed 58496K, reserved 1114112K
  class space    used 6206K, committed 6720K, reserved 1048576K
}
Event: 18.910 GC heap after
{Heap after GC invocations=28 (full 2):
 PSYoungGen      total 23552K, used 1600K [0x00000000eab00000, 0x00000000ec500000, 0x0000000100000000)
  eden space 21504K, 0% used [0x00000000eab00000,0x00000000eab00000,0x00000000ec000000)
  from space 2048K, 78% used [0x00000000ec300000,0x00000000ec490040,0x00000000ec500000)
  to   space 2048K, 0% used [0x00000000ec100000,0x00000000ec100000,0x00000000ec300000)
 ParOldGen       total 68608K, used 38185K [0x00000000c0000000, 0x00000000c4300000, 0x00000000eab00000)
  object space 68608K, 55% used [0x00000000c0000000,0x00000000c254a640,0x00000000c4300000)
 Metaspace       used 57360K, committed 58496K, reserved 1114112K
  class space    used 6206K, committed 6720K, reserved 1048576K
}
Event: 20.392 GC heap before
{Heap before GC invocations=29 (full 2):
 PSYoungGen      total 23552K, used 23094K [0x00000000eab00000, 0x00000000ec500000, 0x0000000100000000)
  eden space 21504K, 99% used [0x00000000eab00000,0x00000000ebffd8e8,0x00000000ec000000)
  from space 2048K, 78% used [0x00000000ec300000,0x00000000ec490040,0x00000000ec500000)
  to   space 2048K, 0% used [0x00000000ec100000,0x00000000ec100000,0x00000000ec300000)
 ParOldGen       total 68608K, used 38185K [0x00000000c0000000, 0x00000000c4300000, 0x00000000eab00000)
  object space 68608K, 55% used [0x00000000c0000000,0x00000000c254a640,0x00000000c4300000)
 Metaspace       used 58100K, committed 59200K, reserved 1114112K
  class space    used 6294K, committed 6784K, reserved 1048576K
}
Event: 20.396 GC heap after
{Heap after GC invocations=29 (full 2):
 PSYoungGen      total 23040K, used 1088K [0x00000000eab00000, 0x00000000ec380000, 0x0000000100000000)
  eden space 21504K, 0% used [0x00000000eab00000,0x00000000eab00000,0x00000000ec000000)
  from space 1536K, 70% used [0x00000000ec100000,0x00000000ec210000,0x00000000ec280000)
  to   space 1024K, 0% used [0x00000000ec280000,0x00000000ec280000,0x00000000ec380000)
 ParOldGen       total 68608K, used 39723K [0x00000000c0000000, 0x00000000c4300000, 0x00000000eab00000)
  object space 68608K, 57% used [0x00000000c0000000,0x00000000c26cac30,0x00000000c4300000)
 Metaspace       used 58100K, committed 59200K, reserved 1114112K
  class space    used 6294K, committed 6784K, reserved 1048576K
}
Event: 20.661 GC heap before
{Heap before GC invocations=30 (full 2):
 PSYoungGen      total 23040K, used 14080K [0x00000000eab00000, 0x00000000ec380000, 0x0000000100000000)
  eden space 21504K, 60% used [0x00000000eab00000,0x00000000eb7b0038,0x00000000ec000000)
  from space 1536K, 70% used [0x00000000ec100000,0x00000000ec210000,0x00000000ec280000)
  to   space 1024K, 0% used [0x00000000ec280000,0x00000000ec280000,0x00000000ec380000)
 ParOldGen       total 68608K, used 39723K [0x00000000c0000000, 0x00000000c4300000, 0x00000000eab00000)
  object space 68608K, 57% used [0x00000000c0000000,0x00000000c26cac30,0x00000000c4300000)
 Metaspace       used 58691K, committed 59776K, reserved 1114112K
  class space    used 6356K, committed 6848K, reserved 1048576K
}
Event: 20.663 GC heap after
{Heap after GC invocations=30 (full 2):
 PSYoungGen      total 22528K, used 544K [0x00000000eab00000, 0x00000000ec380000, 0x0000000100000000)
  eden space 21504K, 0% used [0x00000000eab00000,0x00000000eab00000,0x00000000ec000000)
  from space 1024K, 53% used [0x00000000ec280000,0x00000000ec308010,0x00000000ec380000)
  to   space 1024K, 0% used [0x00000000ec180000,0x00000000ec180000,0x00000000ec280000)
 ParOldGen       total 68608K, used 40667K [0x00000000c0000000, 0x00000000c4300000, 0x00000000eab00000)
  object space 68608K, 59% used [0x00000000c0000000,0x00000000c27b6c30,0x00000000c4300000)
 Metaspace       used 58691K, committed 59776K, reserved 1114112K
  class space    used 6356K, committed 6848K, reserved 1048576K
}
Event: 20.663 GC heap before
{Heap before GC invocations=31 (full 3):
 PSYoungGen      total 22528K, used 544K [0x00000000eab00000, 0x00000000ec380000, 0x0000000100000000)
  eden space 21504K, 0% used [0x00000000eab00000,0x00000000eab00000,0x00000000ec000000)
  from space 1024K, 53% used [0x00000000ec280000,0x00000000ec308010,0x00000000ec380000)
  to   space 1024K, 0% used [0x00000000ec180000,0x00000000ec180000,0x00000000ec280000)
 ParOldGen       total 68608K, used 40667K [0x00000000c0000000, 0x00000000c4300000, 0x00000000eab00000)
  object space 68608K, 59% used [0x00000000c0000000,0x00000000c27b6c30,0x00000000c4300000)
 Metaspace       used 58691K, committed 59776K, reserved 1114112K
  class space    used 6356K, committed 6848K, reserved 1048576K
}

