# JRE version: OpenJDK Runtime Environment Temurin-17.0.10+7 (17.0.10+7) (build 17.0.10+7)
# Java VM: OpenJDK 64-Bit Server VM Temurin-17.0.10+7 (17.0.10+7, mixed mode, tiered, compressed oops, compressed class ptrs, parallel gc, windows-amd64)
GC Precious Log:
 CPUs: 4 total, 4 available
 Memory: 8082M
 Large Page Support: Disabled
 NUMA Support: Disabled
 Compressed Oops: Enabled (32-bit)
 Alignments: Space 512K, Generation 512K, Heap 2M
 Heap Min Capacity: 100M
 Heap Initial Capacity: 100M
 Heap Max Capacity: 1G
 Pre-touch: Disabled
 Parallel Workers: 4
Heap:
 PSYoungGen      total 20992K, used 20561K [0x00000000eab00000, 0x00000000ec980000, 0x0000000100000000)
  eden space 15872K, 99% used [0x00000000eab00000,0x00000000eba7fff8,0x00000000eba80000)
  from space 5120K, 91% used [0x00000000ebd80000,0x00000000ec214448,0x00000000ec280000)
  to   space 5632K, 99% used [0x00000000ec400000,0x00000000ec97ad38,0x00000000ec980000)
 ParOldGen       total 336896K, used 267080K [0x00000000c0000000, 0x00000000d4900000, 0x00000000eab00000)
  object space 336896K, 79% used [0x00000000c0000000,0x00000000d04d2288,0x00000000d4900000)
 Metaspace       used 49748K, committed 50624K, reserved 1114112K
  class space    used 5056K, committed 5504K, reserved 1048576K
GC Heap History (20 events):
Event: 38.805 GC heap after
{Heap after GC invocations=105 (full 7):
 PSYoungGen      total 20480K, used 4352K [0x00000000eab00000, 0x00000000ec800000, 0x0000000100000000)
  eden space 15872K, 0% used [0x00000000eab00000,0x00000000eab00000,0x00000000eba80000)
  from space 4608K, 94% used [0x00000000ec380000,0x00000000ec7c0390,0x00000000ec800000)
  to   space 6144K, 0% used [0x00000000ebc00000,0x00000000ebc00000,0x00000000ec200000)
 ParOldGen       total 263680K, used 225645K [0x00000000c0000000, 0x00000000d0180000, 0x00000000eab00000)
  object space 263680K, 85% used [0x00000000c0000000,0x00000000cdc5b748,0x00000000d0180000)
 Metaspace       used 48871K, committed 49728K, reserved 1114112K
  class space    used 4991K, committed 5376K, reserved 1048576K
}
Event: 38.890 GC heap before
{Heap before GC invocations=106 (full 7):
 PSYoungGen      total 20480K, used 20224K [0x00000000eab00000, 0x00000000ec800000, 0x0000000100000000)
  eden space 15872K, 100% used [0x00000000eab00000,0x00000000eba80000,0x00000000eba80000)
  from space 4608K, 94% used [0x00000000ec380000,0x00000000ec7c0390,0x00000000ec800000)
  to   space 6144K, 0% used [0x00000000ebc00000,0x00000000ebc00000,0x00000000ec200000)
 ParOldGen       total 263680K, used 225645K [0x00000000c0000000, 0x00000000d0180000, 0x00000000eab00000)
  object space 263680K, 85% used [0x00000000c0000000,0x00000000cdc5b748,0x00000000d0180000)
 Metaspace       used 48871K, committed 49728K, reserved 1114112K
  class space    used 4991K, committed 5376K, reserved 1048576K
}
Event: 38.905 GC heap after
{Heap after GC invocations=106 (full 7):
 PSYoungGen      total 23552K, used 5139K [0x00000000eab00000, 0x00000000ec780000, 0x0000000100000000)
  eden space 17408K, 0% used [0x00000000eab00000,0x00000000eab00000,0x00000000ebc00000)
  from space 6144K, 83% used [0x00000000ebc00000,0x00000000ec104f88,0x00000000ec200000)
  to   space 5632K, 0% used [0x00000000ec200000,0x00000000ec200000,0x00000000ec780000)
 ParOldGen       total 263680K, used 229919K [0x00000000c0000000, 0x00000000d0180000, 0x00000000eab00000)
  object space 263680K, 87% used [0x00000000c0000000,0x00000000ce087e98,0x00000000d0180000)
 Metaspace       used 48871K, committed 49728K, reserved 1114112K
  class space    used 4991K, committed 5376K, reserved 1048576K
}
Event: 38.977 GC heap before
{Heap before GC invocations=107 (full 7):
 PSYoungGen      total 23552K, used 22547K [0x00000000eab00000, 0x00000000ec780000, 0x0000000100000000)
  eden space 17408K, 100% used [0x00000000eab00000,0x00000000ebc00000,0x00000000ebc00000)
  from space 6144K, 83% used [0x00000000ebc00000,0x00000000ec104f88,0x00000000ec200000)
  to   space 5632K, 0% used [0x00000000ec200000,0x00000000ec200000,0x00000000ec780000)
 ParOldGen       total 263680K, used 229919K [0x00000000c0000000, 0x00000000d0180000, 0x00000000eab00000)
  object space 263680K, 87% used [0x00000000c0000000,0x00000000ce087e98,0x00000000d0180000)
 Metaspace       used 48871K, committed 49728K, reserved 1114112K
  class space    used 4991K, committed 5376K, reserved 1048576K
}
Event: 38.992 GC heap after
{Heap after GC invocations=107 (full 7):
 PSYoungGen      total 23552K, used 5353K [0x00000000eab00000, 0x00000000ec900000, 0x0000000100000000)
  eden space 17920K, 0% used [0x00000000eab00000,0x00000000eab00000,0x00000000ebc80000)
  from space 5632K, 95% used [0x00000000ec200000,0x00000000ec73a410,0x00000000ec780000)
  to   space 5632K, 0% used [0x00000000ebc80000,0x00000000ebc80000,0x00000000ec200000)
 ParOldGen       total 263680K, used 234949K [0x00000000c0000000, 0x00000000d0180000, 0x00000000eab00000)
  object space 263680K, 89% used [0x00000000c0000000,0x00000000ce571720,0x00000000d0180000)
 Metaspace       used 48871K, committed 49728K, reserved 1114112K
  class space    used 4991K, committed 5376K, reserved 1048576K
}
Event: 39.087 GC heap before
{Heap before GC invocations=108 (full 7):
 PSYoungGen      total 23552K, used 23273K [0x00000000eab00000, 0x00000000ec900000, 0x0000000100000000)
  eden space 17920K, 100% used [0x00000000eab00000,0x00000000ebc80000,0x00000000ebc80000)
  from space 5632K, 95% used [0x00000000ec200000,0x00000000ec73a410,0x00000000ec780000)
  to   space 5632K, 0% used [0x00000000ebc80000,0x00000000ebc80000,0x00000000ec200000)
 ParOldGen       total 263680K, used 234949K [0x00000000c0000000, 0x00000000d0180000, 0x00000000eab00000)
  object space 263680K, 89% used [0x00000000c0000000,0x00000000ce571720,0x00000000d0180000)
 Metaspace       used 48871K, committed 49728K, reserved 1114112K
  class space    used 4991K, committed 5376K, reserved 1048576K
}
Event: 39.104 GC heap after
{Heap after GC invocations=108 (full 7):
 PSYoungGen      total 23552K, used 5613K [0x00000000eab00000, 0x00000000ed680000, 0x0000000100000000)
  eden space 17920K, 0% used [0x00000000eab00000,0x00000000eab00000,0x00000000ebc80000)
  from space 5632K, 99% used [0x00000000ebc80000,0x00000000ec1fb498,0x00000000ec200000)
  to   space 12288K, 0% used [0x00000000eca80000,0x00000000eca80000,0x00000000ed680000)
 ParOldGen       total 263680K, used 240302K [0x00000000c0000000, 0x00000000d0180000, 0x00000000eab00000)
  object space 263680K, 91% used [0x00000000c0000000,0x00000000ceaab900,0x00000000d0180000)
 Metaspace       used 48871K, committed 49728K, reserved 1114112K
  class space    used 4991K, committed 5376K, reserved 1048576K
}
Event: 39.193 GC heap before
{Heap before GC invocations=109 (full 7):
 PSYoungGen      total 23552K, used 23533K [0x00000000eab00000, 0x00000000ed680000, 0x0000000100000000)
  eden space 17920K, 100% used [0x00000000eab00000,0x00000000ebc80000,0x00000000ebc80000)
  from space 5632K, 99% used [0x00000000ebc80000,0x00000000ec1fb498,0x00000000ec200000)
  to   space 12288K, 0% used [0x00000000eca80000,0x00000000eca80000,0x00000000ed680000)
 ParOldGen       total 263680K, used 240302K [0x00000000c0000000, 0x00000000d0180000, 0x00000000eab00000)
  object space 263680K, 91% used [0x00000000c0000000,0x00000000ceaab900,0x00000000d0180000)
 Metaspace       used 48871K, committed 49728K, reserved 1114112K
  class space    used 4991K, committed 5376K, reserved 1048576K
}
Event: 39.210 GC heap after
{Heap after GC invocations=109 (full 7):
 PSYoungGen      total 25600K, used 5586K [0x00000000eab00000, 0x00000000ed000000, 0x0000000100000000)
  eden space 19968K, 0% used [0x00000000eab00000,0x00000000eab00000,0x00000000ebe80000)
  from space 5632K, 99% used [0x00000000eca80000,0x00000000ecff4b38,0x00000000ed000000)
  to   space 7680K, 0% used [0x00000000ec100000,0x00000000ec100000,0x00000000ec880000)
 ParOldGen       total 263680K, used 245953K [0x00000000c0000000, 0x00000000d0180000, 0x00000000eab00000)
  object space 263680K, 93% used [0x00000000c0000000,0x00000000cf0305d0,0x00000000d0180000)
 Metaspace       used 48871K, committed 49728K, reserved 1114112K
  class space    used 4991K, committed 5376K, reserved 1048576K
}
Event: 39.270 GC heap before
{Heap before GC invocations=110 (full 7):
 PSYoungGen      total 25600K, used 25554K [0x00000000eab00000, 0x00000000ed000000, 0x0000000100000000)
  eden space 19968K, 100% used [0x00000000eab00000,0x00000000ebe80000,0x00000000ebe80000)
  from space 5632K, 99% used [0x00000000eca80000,0x00000000ecff4b38,0x00000000ed000000)
  to   space 7680K, 0% used [0x00000000ec100000,0x00000000ec100000,0x00000000ec880000)
 ParOldGen       total 263680K, used 245953K [0x00000000c0000000, 0x00000000d0180000, 0x00000000eab00000)
  object space 263680K, 93% used [0x00000000c0000000,0x00000000cf0305d0,0x00000000d0180000)
 Metaspace       used 48871K, committed 49728K, reserved 1114112K
  class space    used 4991K, committed 5376K, reserved 1048576K
}
Event: 39.284 GC heap after
{Heap after GC invocations=110 (full 7):
 PSYoungGen      total 28672K, used 5970K [0x00000000eab00000, 0x00000000ece00000, 0x0000000100000000)
  eden space 22528K, 0% used [0x00000000eab00000,0x00000000eab00000,0x00000000ec100000)
  from space 6144K, 97% used [0x00000000ec100000,0x00000000ec6d48e8,0x00000000ec700000)
  to   space 6656K, 0% used [0x00000000ec780000,0x00000000ec780000,0x00000000ece00000)
 ParOldGen       total 263680K, used 251487K [0x00000000c0000000, 0x00000000d0180000, 0x00000000eab00000)
  object space 263680K, 95% used [0x00000000c0000000,0x00000000cf597cb8,0x00000000d0180000)
 Metaspace       used 48871K, committed 49728K, reserved 1114112K
  class space    used 4991K, committed 5376K, reserved 1048576K
}
Event: 39.362 GC heap before
{Heap before GC invocations=111 (full 7):
 PSYoungGen      total 28672K, used 28498K [0x00000000eab00000, 0x00000000ece00000, 0x0000000100000000)
  eden space 22528K, 100% used [0x00000000eab00000,0x00000000ec100000,0x00000000ec100000)
  from space 6144K, 97% used [0x00000000ec100000,0x00000000ec6d48e8,0x00000000ec700000)
  to   space 6656K, 0% used [0x00000000ec780000,0x00000000ec780000,0x00000000ece00000)
 ParOldGen       total 263680K, used 251487K [0x00000000c0000000, 0x00000000d0180000, 0x00000000eab00000)
  object space 263680K, 95% used [0x00000000c0000000,0x00000000cf597cb8,0x00000000d0180000)
 Metaspace       used 48871K, committed 49728K, reserved 1114112K
  class space    used 4991K, committed 5376K, reserved 1048576K
}
Event: 39.377 GC heap after
{Heap after GC invocations=111 (full 7):
 PSYoungGen      total 19456K, used 6645K [0x00000000eab00000, 0x00000000ee380000, 0x0000000100000000)
  eden space 12800K, 0% used [0x00000000eab00000,0x00000000eab00000,0x00000000eb780000)
  from space 6656K, 99% used [0x00000000ec780000,0x00000000ecdfd630,0x00000000ece00000)
  to   space 16384K, 0% used [0x00000000eb780000,0x00000000eb780000,0x00000000ec780000)
 ParOldGen       total 263680K, used 259330K [0x00000000c0000000, 0x00000000d0180000, 0x00000000eab00000)
  object space 263680K, 98% used [0x00000000c0000000,0x00000000cfd40a70,0x00000000d0180000)
 Metaspace       used 48871K, committed 49728K, reserved 1114112K
  class space    used 4991K, committed 5376K, reserved 1048576K
}
Event: 39.377 GC heap before
{Heap before GC invocations=112 (full 8):
 PSYoungGen      total 19456K, used 6645K [0x00000000eab00000, 0x00000000ee380000, 0x0000000100000000)
  eden space 12800K, 0% used [0x00000000eab00000,0x00000000eab00000,0x00000000eb780000)
  from space 6656K, 99% used [0x00000000ec780000,0x00000000ecdfd630,0x00000000ece00000)
  to   space 16384K, 0% used [0x00000000eb780000,0x00000000eb780000,0x00000000ec780000)
 ParOldGen       total 263680K, used 259330K [0x00000000c0000000, 0x00000000d0180000, 0x00000000eab00000)
  object space 263680K, 98% used [0x00000000c0000000,0x00000000cfd40a70,0x00000000d0180000)
 Metaspace       used 48871K, committed 49728K, reserved 1114112K
  class space    used 4991K, committed 5376K, reserved 1048576K
}
Event: 39.675 GC heap after
{Heap after GC invocations=112 (full 8):
 PSYoungGen      total 29184K, used 0K [0x00000000eab00000, 0x00000000ed900000, 0x0000000100000000)
  eden space 12800K, 0% used [0x00000000eab00000,0x00000000eab00000,0x00000000eb780000)
  from space 16384K, 0% used [0x00000000eb780000,0x00000000eb780000,0x00000000ec780000)
  to   space 16384K, 0% used [0x00000000ec900000,0x00000000ec900000,0x00000000ed900000)
 ParOldGen       total 336896K, used 263163K [0x00000000c0000000, 0x00000000d4900000, 0x00000000eab00000)
  object space 336896K, 78% used [0x00000000c0000000,0x00000000d00fee58,0x00000000d4900000)
 Metaspace       used 48871K, committed 49728K, reserved 1114112K
  class space    used 4991K, committed 5376K, reserved 1048576K
}
Event: 39.713 GC heap before
{Heap before GC invocations=113 (full 8):
 PSYoungGen      total 29184K, used 12800K [0x00000000eab00000, 0x00000000ed900000, 0x0000000100000000)
  eden space 12800K, 100% used [0x00000000eab00000,0x00000000eb780000,0x00000000eb780000)
  from space 16384K, 0% used [0x00000000eb780000,0x00000000eb780000,0x00000000ec780000)
  to   space 16384K, 0% used [0x00000000ec900000,0x00000000ec900000,0x00000000ed900000)
 ParOldGen       total 336896K, used 263163K [0x00000000c0000000, 0x00000000d4900000, 0x00000000eab00000)
  object space 336896K, 78% used [0x00000000c0000000,0x00000000d00fee58,0x00000000d4900000)
 Metaspace       used 48871K, committed 49728K, reserved 1114112K
  class space    used 4991K, committed 5376K, reserved 1048576K
}
Event: 39.720 GC heap after
{Heap after GC invocations=113 (full 8):
 PSYoungGen      total 18944K, used 4425K [0x00000000eab00000, 0x00000000ecd80000, 0x0000000100000000)
  eden space 14336K, 0% used [0x00000000eab00000,0x00000000eab00000,0x00000000eb900000)
  from space 4608K, 96% used [0x00000000ec900000,0x00000000ecd52420,0x00000000ecd80000)
  to   space 8192K, 0% used [0x00000000ebd80000,0x00000000ebd80000,0x00000000ec580000)
 ParOldGen       total 336896K, used 263163K [0x00000000c0000000, 0x00000000d4900000, 0x00000000eab00000)
  object space 336896K, 78% used [0x00000000c0000000,0x00000000d00fee58,0x00000000d4900000)
 Metaspace       used 48871K, committed 49728K, reserved 1114112K
  class space    used 4991K, committed 5376K, reserved 1048576K
}
Event: 40.227 GC heap before
{Heap before GC invocations=114 (full 8):
 PSYoungGen      total 18944K, used 18761K [0x00000000eab00000, 0x00000000ecd80000, 0x0000000100000000)
  eden space 14336K, 100% used [0x00000000eab00000,0x00000000eb900000,0x00000000eb900000)
  from space 4608K, 96% used [0x00000000ec900000,0x00000000ecd52420,0x00000000ecd80000)
  to   space 8192K, 0% used [0x00000000ebd80000,0x00000000ebd80000,0x00000000ec580000)
 ParOldGen       total 336896K, used 263163K [0x00000000c0000000, 0x00000000d4900000, 0x00000000eab00000)
  object space 336896K, 78% used [0x00000000c0000000,0x00000000d00fee58,0x00000000d4900000)
 Metaspace       used 49049K, committed 49920K, reserved 1114112K
  class space    used 5000K, committed 5376K, reserved 1048576K
}
Event: 40.233 GC heap after
{Heap after GC invocations=114 (full 8):
 PSYoungGen      total 20992K, used 4689K [0x00000000eab00000, 0x00000000ec980000, 0x0000000100000000)
  eden space 15872K, 0% used [0x00000000eab00000,0x00000000eab00000,0x00000000eba80000)
  from space 5120K, 91% used [0x00000000ebd80000,0x00000000ec214448,0x00000000ec280000)
  to   space 5632K, 0% used [0x00000000ec400000,0x00000000ec400000,0x00000000ec980000)
 ParOldGen       total 336896K, used 263171K [0x00000000c0000000, 0x00000000d4900000, 0x00000000eab00000)
  object space 336896K, 78% used [0x00000000c0000000,0x00000000d0100e58,0x00000000d4900000)
 Metaspace       used 49049K, committed 49920K, reserved 1114112K
  class space    used 5000K, committed 5376K, reserved 1048576K
}
Event: 42.743 GC heap before
{Heap before GC invocations=115 (full 8):
 PSYoungGen      total 20992K, used 20561K [0x00000000eab00000, 0x00000000ec980000, 0x0000000100000000)
  eden space 15872K, 99% used [0x00000000eab00000,0x00000000eba7fff8,0x00000000eba80000)
  from space 5120K, 91% used [0x00000000ebd80000,0x00000000ec214448,0x00000000ec280000)
  to   space 5632K, 0% used [0x00000000ec400000,0x00000000ec400000,0x00000000ec980000)
 ParOldGen       total 336896K, used 263171K [0x00000000c0000000, 0x00000000d4900000, 0x00000000eab00000)
  object space 336896K, 78% used [0x00000000c0000000,0x00000000d0100e58,0x00000000d4900000)
 Metaspace       used 49748K, committed 50624K, reserved 1114112K
  class space    used 5056K, committed 5504K, reserved 1048576K
}

