# JRE version: OpenJDK Runtime Environment Temurin-17.0.10+7 (17.0.10+7) (build 17.0.10+7)
# Java VM: OpenJDK 64-Bit Server VM Temurin-17.0.10+7 (17.0.10+7, mixed mode, tiered, compressed oops, compressed class ptrs, parallel gc, windows-amd64)
GC Precious Log:
 CPUs: 4 total, 4 available
 Memory: 8082M
 Large Page Support: Disabled
 NUMA Support: Disabled
 Compressed Oops: Enabled (32-bit)
 Alignments: Space 512K, Generation 512K, Heap 2M
 Heap Min Capacity: 100M
 Heap Initial Capacity: 100M
 Heap Max Capacity: 1G
 Pre-touch: Disabled
 Parallel Workers: 4
Heap:
 PSYoungGen      total 20480K, used 288K [0x00000000eab00000, 0x00000000ec080000, 0x0000000100000000)
  eden space 19456K, 0% used [0x00000000eab00000,0x00000000eab00000,0x00000000ebe00000)
  from space 1024K, 28% used [0x00000000ebe80000,0x00000000ebec8000,0x00000000ebf80000)
  to   space 512K, 0% used [0x00000000ec000000,0x00000000ec000000,0x00000000ec080000)
 ParOldGen       total 68608K, used 41283K [0x00000000c0000000, 0x00000000c4300000, 0x00000000eab00000)
  object space 68608K, 60% used [0x00000000c0000000,0x00000000c2850db8,0x00000000c4300000)
 Metaspace       used 58597K, committed 59776K, reserved 1114112K
  class space    used 6388K, committed 6912K, reserved 1048576K
GC Heap History (20 events):
Event: 41.781 GC heap after
{Heap after GC invocations=22 (full 2):
 PSYoungGen      total 24064K, used 1888K [0x00000000eab00000, 0x00000000ec500000, 0x0000000100000000)
  eden space 22016K, 0% used [0x00000000eab00000,0x00000000eab00000,0x00000000ec080000)
  from space 2048K, 92% used [0x00000000ec300000,0x00000000ec4d8010,0x00000000ec500000)
  to   space 2048K, 0% used [0x00000000ec080000,0x00000000ec080000,0x00000000ec280000)
 ParOldGen       total 68608K, used 28154K [0x00000000c0000000, 0x00000000c4300000, 0x00000000eab00000)
  object space 68608K, 41% used [0x00000000c0000000,0x00000000c1b7e8c0,0x00000000c4300000)
 Metaspace       used 53032K, committed 54272K, reserved 1114112K
  class space    used 5752K, committed 6272K, reserved 1048576K
}
Event: 41.837 GC heap before
{Heap before GC invocations=23 (full 2):
 PSYoungGen      total 24064K, used 23904K [0x00000000eab00000, 0x00000000ec500000, 0x0000000100000000)
  eden space 22016K, 100% used [0x00000000eab00000,0x00000000ec080000,0x00000000ec080000)
  from space 2048K, 92% used [0x00000000ec300000,0x00000000ec4d8010,0x00000000ec500000)
  to   space 2048K, 0% used [0x00000000ec080000,0x00000000ec080000,0x00000000ec280000)
 ParOldGen       total 68608K, used 28154K [0x00000000c0000000, 0x00000000c4300000, 0x00000000eab00000)
  object space 68608K, 41% used [0x00000000c0000000,0x00000000c1b7e8c0,0x00000000c4300000)
 Metaspace       used 53032K, committed 54272K, reserved 1114112K
  class space    used 5752K, committed 6272K, reserved 1048576K
}
Event: 41.841 GC heap after
{Heap after GC invocations=23 (full 2):
 PSYoungGen      total 24064K, used 1984K [0x00000000eab00000, 0x00000000ec480000, 0x0000000100000000)
  eden space 22016K, 0% used [0x00000000eab00000,0x00000000eab00000,0x00000000ec080000)
  from space 2048K, 96% used [0x00000000ec080000,0x00000000ec270000,0x00000000ec280000)
  to   space 2048K, 0% used [0x00000000ec280000,0x00000000ec280000,0x00000000ec480000)
 ParOldGen       total 68608K, used 29990K [0x00000000c0000000, 0x00000000c4300000, 0x00000000eab00000)
  object space 68608K, 43% used [0x00000000c0000000,0x00000000c1d49bd8,0x00000000c4300000)
 Metaspace       used 53032K, committed 54272K, reserved 1114112K
  class space    used 5752K, committed 6272K, reserved 1048576K
}
Event: 41.893 GC heap before
{Heap before GC invocations=24 (full 2):
 PSYoungGen      total 24064K, used 24000K [0x00000000eab00000, 0x00000000ec480000, 0x0000000100000000)
  eden space 22016K, 100% used [0x00000000eab00000,0x00000000ec080000,0x00000000ec080000)
  from space 2048K, 96% used [0x00000000ec080000,0x00000000ec270000,0x00000000ec280000)
  to   space 2048K, 0% used [0x00000000ec280000,0x00000000ec280000,0x00000000ec480000)
 ParOldGen       total 68608K, used 29990K [0x00000000c0000000, 0x00000000c4300000, 0x00000000eab00000)
  object space 68608K, 43% used [0x00000000c0000000,0x00000000c1d49bd8,0x00000000c4300000)
 Metaspace       used 53033K, committed 54272K, reserved 1114112K
  class space    used 5752K, committed 6272K, reserved 1048576K
}
Event: 41.897 GC heap after
{Heap after GC invocations=24 (full 2):
 PSYoungGen      total 21504K, used 2016K [0x00000000eab00000, 0x00000000ec980000, 0x0000000100000000)
  eden space 19456K, 0% used [0x00000000eab00000,0x00000000eab00000,0x00000000ebe00000)
  from space 2048K, 98% used [0x00000000ec280000,0x00000000ec478010,0x00000000ec480000)
  to   space 4608K, 0% used [0x00000000ebe00000,0x00000000ebe00000,0x00000000ec280000)
 ParOldGen       total 68608K, used 32078K [0x00000000c0000000, 0x00000000c4300000, 0x00000000eab00000)
  object space 68608K, 46% used [0x00000000c0000000,0x00000000c1f53bd8,0x00000000c4300000)
 Metaspace       used 53033K, committed 54272K, reserved 1114112K
  class space    used 5752K, committed 6272K, reserved 1048576K
}
Event: 41.937 GC heap before
{Heap before GC invocations=25 (full 2):
 PSYoungGen      total 21504K, used 21472K [0x00000000eab00000, 0x00000000ec980000, 0x0000000100000000)
  eden space 19456K, 100% used [0x00000000eab00000,0x00000000ebe00000,0x00000000ebe00000)
  from space 2048K, 98% used [0x00000000ec280000,0x00000000ec478010,0x00000000ec480000)
  to   space 4608K, 0% used [0x00000000ebe00000,0x00000000ebe00000,0x00000000ec280000)
 ParOldGen       total 68608K, used 32078K [0x00000000c0000000, 0x00000000c4300000, 0x00000000eab00000)
  object space 68608K, 46% used [0x00000000c0000000,0x00000000c1f53bd8,0x00000000c4300000)
 Metaspace       used 53033K, committed 54272K, reserved 1114112K
  class space    used 5752K, committed 6272K, reserved 1048576K
}
Event: 41.941 GC heap after
{Heap after GC invocations=25 (full 2):
 PSYoungGen      total 21504K, used 1664K [0x00000000eab00000, 0x00000000ec300000, 0x0000000100000000)
  eden space 19456K, 0% used [0x00000000eab00000,0x00000000eab00000,0x00000000ebe00000)
  from space 2048K, 81% used [0x00000000ebe00000,0x00000000ebfa0000,0x00000000ec000000)
  to   space 2560K, 0% used [0x00000000ec080000,0x00000000ec080000,0x00000000ec300000)
 ParOldGen       total 68608K, used 34110K [0x00000000c0000000, 0x00000000c4300000, 0x00000000eab00000)
  object space 68608K, 49% used [0x00000000c0000000,0x00000000c214fbe8,0x00000000c4300000)
 Metaspace       used 53033K, committed 54272K, reserved 1114112K
  class space    used 5752K, committed 6272K, reserved 1048576K
}
Event: 42.247 GC heap before
{Heap before GC invocations=26 (full 2):
 PSYoungGen      total 21504K, used 21120K [0x00000000eab00000, 0x00000000ec300000, 0x0000000100000000)
  eden space 19456K, 100% used [0x00000000eab00000,0x00000000ebe00000,0x00000000ebe00000)
  from space 2048K, 81% used [0x00000000ebe00000,0x00000000ebfa0000,0x00000000ec000000)
  to   space 2560K, 0% used [0x00000000ec080000,0x00000000ec080000,0x00000000ec300000)
 ParOldGen       total 68608K, used 34110K [0x00000000c0000000, 0x00000000c4300000, 0x00000000eab00000)
  object space 68608K, 49% used [0x00000000c0000000,0x00000000c214fbe8,0x00000000c4300000)
 Metaspace       used 53329K, committed 54528K, reserved 1114112K
  class space    used 5772K, committed 6272K, reserved 1048576K
}
Event: 42.253 GC heap after
{Heap after GC invocations=26 (full 2):
 PSYoungGen      total 22016K, used 2080K [0x00000000eab00000, 0x00000000ec300000, 0x0000000100000000)
  eden space 19456K, 0% used [0x00000000eab00000,0x00000000eab00000,0x00000000ebe00000)
  from space 2560K, 81% used [0x00000000ec080000,0x00000000ec288000,0x00000000ec300000)
  to   space 2560K, 0% used [0x00000000ebe00000,0x00000000ebe00000,0x00000000ec080000)
 ParOldGen       total 68608K, used 35701K [0x00000000c0000000, 0x00000000c4300000, 0x00000000eab00000)
  object space 68608K, 52% used [0x00000000c0000000,0x00000000c22dd468,0x00000000c4300000)
 Metaspace       used 53329K, committed 54528K, reserved 1114112K
  class space    used 5772K, committed 6272K, reserved 1048576K
}
Event: 42.832 GC heap before
{Heap before GC invocations=27 (full 2):
 PSYoungGen      total 22016K, used 21535K [0x00000000eab00000, 0x00000000ec300000, 0x0000000100000000)
  eden space 19456K, 99% used [0x00000000eab00000,0x00000000ebdffff0,0x00000000ebe00000)
  from space 2560K, 81% used [0x00000000ec080000,0x00000000ec288000,0x00000000ec300000)
  to   space 2560K, 0% used [0x00000000ebe00000,0x00000000ebe00000,0x00000000ec080000)
 ParOldGen       total 68608K, used 35701K [0x00000000c0000000, 0x00000000c4300000, 0x00000000eab00000)
  object space 68608K, 52% used [0x00000000c0000000,0x00000000c22dd468,0x00000000c4300000)
 Metaspace       used 54137K, committed 55296K, reserved 1114112K
  class space    used 5849K, committed 6336K, reserved 1048576K
}
Event: 42.839 GC heap after
{Heap after GC invocations=27 (full 2):
 PSYoungGen      total 20992K, used 1271K [0x00000000eab00000, 0x00000000ec200000, 0x0000000100000000)
  eden space 19456K, 0% used [0x00000000eab00000,0x00000000eab00000,0x00000000ebe00000)
  from space 1536K, 82% used [0x00000000ebe00000,0x00000000ebf3dfc8,0x00000000ebf80000)
  to   space 2048K, 0% used [0x00000000ec000000,0x00000000ec000000,0x00000000ec200000)
 ParOldGen       total 68608K, used 37613K [0x00000000c0000000, 0x00000000c4300000, 0x00000000eab00000)
  object space 68608K, 54% used [0x00000000c0000000,0x00000000c24bb468,0x00000000c4300000)
 Metaspace       used 54137K, committed 55296K, reserved 1114112K
  class space    used 5849K, committed 6336K, reserved 1048576K
}
Event: 43.112 GC heap before
{Heap before GC invocations=28 (full 2):
 PSYoungGen      total 20992K, used 20727K [0x00000000eab00000, 0x00000000ec200000, 0x0000000100000000)
  eden space 19456K, 100% used [0x00000000eab00000,0x00000000ebe00000,0x00000000ebe00000)
  from space 1536K, 82% used [0x00000000ebe00000,0x00000000ebf3dfc8,0x00000000ebf80000)
  to   space 2048K, 0% used [0x00000000ec000000,0x00000000ec000000,0x00000000ec200000)
 ParOldGen       total 68608K, used 37613K [0x00000000c0000000, 0x00000000c4300000, 0x00000000eab00000)
  object space 68608K, 54% used [0x00000000c0000000,0x00000000c24bb468,0x00000000c4300000)
 Metaspace       used 54881K, committed 56000K, reserved 1114112K
  class space    used 5929K, committed 6400K, reserved 1048576K
}
Event: 43.115 GC heap after
{Heap after GC invocations=28 (full 2):
 PSYoungGen      total 20480K, used 983K [0x00000000eab00000, 0x00000000ec100000, 0x0000000100000000)
  eden space 19456K, 0% used [0x00000000eab00000,0x00000000eab00000,0x00000000ebe00000)
  from space 1024K, 96% used [0x00000000ec000000,0x00000000ec0f5da0,0x00000000ec100000)
  to   space 1536K, 0% used [0x00000000ebe00000,0x00000000ebe00000,0x00000000ebf80000)
 ParOldGen       total 68608K, used 38761K [0x00000000c0000000, 0x00000000c4300000, 0x00000000eab00000)
  object space 68608K, 56% used [0x00000000c0000000,0x00000000c25da6e8,0x00000000c4300000)
 Metaspace       used 54881K, committed 56000K, reserved 1114112K
  class space    used 5929K, committed 6400K, reserved 1048576K
}
Event: 43.743 GC heap before
{Heap before GC invocations=29 (full 2):
 PSYoungGen      total 20480K, used 20439K [0x00000000eab00000, 0x00000000ec100000, 0x0000000100000000)
  eden space 19456K, 100% used [0x00000000eab00000,0x00000000ebe00000,0x00000000ebe00000)
  from space 1024K, 96% used [0x00000000ec000000,0x00000000ec0f5da0,0x00000000ec100000)
  to   space 1536K, 0% used [0x00000000ebe00000,0x00000000ebe00000,0x00000000ebf80000)
 ParOldGen       total 68608K, used 38761K [0x00000000c0000000, 0x00000000c4300000, 0x00000000eab00000)
  object space 68608K, 56% used [0x00000000c0000000,0x00000000c25da6e8,0x00000000c4300000)
 Metaspace       used 57055K, committed 58304K, reserved 1114112K
  class space    used 6190K, committed 6720K, reserved 1048576K
}
Event: 43.748 GC heap after
{Heap after GC invocations=29 (full 2):
 PSYoungGen      total 20992K, used 1464K [0x00000000eab00000, 0x00000000ec200000, 0x0000000100000000)
  eden space 19456K, 0% used [0x00000000eab00000,0x00000000eab00000,0x00000000ebe00000)
  from space 1536K, 95% used [0x00000000ebe00000,0x00000000ebf6e218,0x00000000ebf80000)
  to   space 2048K, 0% used [0x00000000ec000000,0x00000000ec000000,0x00000000ec200000)
 ParOldGen       total 68608K, used 39609K [0x00000000c0000000, 0x00000000c4300000, 0x00000000eab00000)
  object space 68608K, 57% used [0x00000000c0000000,0x00000000c26ae720,0x00000000c4300000)
 Metaspace       used 57055K, committed 58304K, reserved 1114112K
  class space    used 6190K, committed 6720K, reserved 1048576K
}
Event: 44.603 GC heap before
{Heap before GC invocations=30 (full 2):
 PSYoungGen      total 20992K, used 20883K [0x00000000eab00000, 0x00000000ec200000, 0x0000000100000000)
  eden space 19456K, 99% used [0x00000000eab00000,0x00000000ebdf6c90,0x00000000ebe00000)
  from space 1536K, 95% used [0x00000000ebe00000,0x00000000ebf6e218,0x00000000ebf80000)
  to   space 2048K, 0% used [0x00000000ec000000,0x00000000ec000000,0x00000000ec200000)
 ParOldGen       total 68608K, used 39609K [0x00000000c0000000, 0x00000000c4300000, 0x00000000eab00000)
  object space 68608K, 57% used [0x00000000c0000000,0x00000000c26ae720,0x00000000c4300000)
 Metaspace       used 58182K, committed 59456K, reserved 1114112K
  class space    used 6348K, committed 6912K, reserved 1048576K
}
Event: 44.606 GC heap after
{Heap after GC invocations=30 (full 2):
 PSYoungGen      total 19968K, used 480K [0x00000000eab00000, 0x00000000ec080000, 0x0000000100000000)
  eden space 19456K, 0% used [0x00000000eab00000,0x00000000eab00000,0x00000000ebe00000)
  from space 512K, 93% used [0x00000000ec000000,0x00000000ec078000,0x00000000ec080000)
  to   space 1024K, 0% used [0x00000000ebe80000,0x00000000ebe80000,0x00000000ebf80000)
 ParOldGen       total 68608K, used 40867K [0x00000000c0000000, 0x00000000c4300000, 0x00000000eab00000)
  object space 68608K, 59% used [0x00000000c0000000,0x00000000c27e8c08,0x00000000c4300000)
 Metaspace       used 58182K, committed 59456K, reserved 1114112K
  class space    used 6348K, committed 6912K, reserved 1048576K
}
Event: 45.071 GC heap before
{Heap before GC invocations=31 (full 2):
 PSYoungGen      total 19968K, used 9993K [0x00000000eab00000, 0x00000000ec080000, 0x0000000100000000)
  eden space 19456K, 48% used [0x00000000eab00000,0x00000000eb44a730,0x00000000ebe00000)
  from space 512K, 93% used [0x00000000ec000000,0x00000000ec078000,0x00000000ec080000)
  to   space 1024K, 0% used [0x00000000ebe80000,0x00000000ebe80000,0x00000000ebf80000)
 ParOldGen       total 68608K, used 40867K [0x00000000c0000000, 0x00000000c4300000, 0x00000000eab00000)
  object space 68608K, 59% used [0x00000000c0000000,0x00000000c27e8c08,0x00000000c4300000)
 Metaspace       used 58597K, committed 59776K, reserved 1114112K
  class space    used 6388K, committed 6912K, reserved 1048576K
}
Event: 45.073 GC heap after
{Heap after GC invocations=31 (full 2):
 PSYoungGen      total 20480K, used 288K [0x00000000eab00000, 0x00000000ec080000, 0x0000000100000000)
  eden space 19456K, 0% used [0x00000000eab00000,0x00000000eab00000,0x00000000ebe00000)
  from space 1024K, 28% used [0x00000000ebe80000,0x00000000ebec8000,0x00000000ebf80000)
  to   space 512K, 0% used [0x00000000ec000000,0x00000000ec000000,0x00000000ec080000)
 ParOldGen       total 68608K, used 41283K [0x00000000c0000000, 0x00000000c4300000, 0x00000000eab00000)
  object space 68608K, 60% used [0x00000000c0000000,0x00000000c2850db8,0x00000000c4300000)
 Metaspace       used 58597K, committed 59776K, reserved 1114112K
  class space    used 6388K, committed 6912K, reserved 1048576K
}
Event: 45.073 GC heap before
{Heap before GC invocations=32 (full 3):
 PSYoungGen      total 20480K, used 288K [0x00000000eab00000, 0x00000000ec080000, 0x0000000100000000)
  eden space 19456K, 0% used [0x00000000eab00000,0x00000000eab00000,0x00000000ebe00000)
  from space 1024K, 28% used [0x00000000ebe80000,0x00000000ebec8000,0x00000000ebf80000)
  to   space 512K, 0% used [0x00000000ec000000,0x00000000ec000000,0x00000000ec080000)
 ParOldGen       total 68608K, used 41283K [0x00000000c0000000, 0x00000000c4300000, 0x00000000eab00000)
  object space 68608K, 60% used [0x00000000c0000000,0x00000000c2850db8,0x00000000c4300000)
 Metaspace       used 58597K, committed 59776K, reserved 1114112K
  class space    used 6388K, committed 6912K, reserved 1048576K
}

