# JRE version: OpenJDK Runtime Environment Temurin-17.0.10+7 (17.0.10+7) (build 17.0.10+7)
# Java VM: OpenJDK 64-Bit Server VM Temurin-17.0.10+7 (17.0.10+7, mixed mode, tiered, compressed oops, compressed class ptrs, parallel gc, windows-amd64)
GC Precious Log:
 CPUs: 4 total, 4 available
 Memory: 8082M
 Large Page Support: Disabled
 NUMA Support: Disabled
 Compressed Oops: Enabled (32-bit)
 Alignments: Space 512K, Generation 512K, Heap 2M
 Heap Min Capacity: 100M
 Heap Initial Capacity: 100M
 Heap Max Capacity: 1G
 Pre-touch: Disabled
 Parallel Workers: 4
Heap:
 PSYoungGen      total 5120K, used 4790K [0x00000000eab00000, 0x00000000eb100000, 0x0000000100000000)
  eden space 4096K, 98% used [0x00000000eab00000,0x00000000eaef5a28,0x00000000eaf00000)
  from space 1024K, 71% used [0x00000000eb000000,0x00000000eb0b8000,0x00000000eb100000)
  to   space 1024K, 9% used [0x00000000eaf00000,0x00000000eaf18000,0x00000000eb000000)
 ParOldGen       total 74752K, used 68781K [0x00000000c0000000, 0x00000000c4900000, 0x00000000eab00000)
  object space 74752K, 92% used [0x00000000c0000000,0x00000000c432b470,0x00000000c4900000)
 Metaspace       used 74796K, committed 76288K, reserved 1179648K
  class space    used 7668K, committed 8384K, reserved 1048576K
GC Heap History (20 events):
Event: 62.803 GC heap after
{Heap after GC invocations=260 (full 7):
 PSYoungGen      total 5120K, used 640K [0x00000000eab00000, 0x00000000eb200000, 0x0000000100000000)
  eden space 4096K, 0% used [0x00000000eab00000,0x00000000eab00000,0x00000000eaf00000)
  from space 1024K, 62% used [0x00000000eaf00000,0x00000000eafa0000,0x00000000eb000000)
  to   space 1024K, 0% used [0x00000000eb100000,0x00000000eb100000,0x00000000eb200000)
 ParOldGen       total 74752K, used 61885K [0x00000000c0000000, 0x00000000c4900000, 0x00000000eab00000)
  object space 74752K, 82% used [0x00000000c0000000,0x00000000c3c6f738,0x00000000c4900000)
 Metaspace       used 74453K, committed 75968K, reserved 1179648K
  class space    used 7654K, committed 8384K, reserved 1048576K
}
Event: 62.807 GC heap before
{Heap before GC invocations=261 (full 7):
 PSYoungGen      total 5120K, used 4736K [0x00000000eab00000, 0x00000000eb200000, 0x0000000100000000)
  eden space 4096K, 100% used [0x00000000eab00000,0x00000000eaf00000,0x00000000eaf00000)
  from space 1024K, 62% used [0x00000000eaf00000,0x00000000eafa0000,0x00000000eb000000)
  to   space 1024K, 0% used [0x00000000eb100000,0x00000000eb100000,0x00000000eb200000)
 ParOldGen       total 74752K, used 61885K [0x00000000c0000000, 0x00000000c4900000, 0x00000000eab00000)
  object space 74752K, 82% used [0x00000000c0000000,0x00000000c3c6f738,0x00000000c4900000)
 Metaspace       used 74453K, committed 75968K, reserved 1179648K
  class space    used 7654K, committed 8384K, reserved 1048576K
}
Event: 62.810 GC heap after
{Heap after GC invocations=261 (full 7):
 PSYoungGen      total 6144K, used 576K [0x00000000eab00000, 0x00000000eb200000, 0x0000000100000000)
  eden space 5120K, 0% used [0x00000000eab00000,0x00000000eab00000,0x00000000eb000000)
  from space 1024K, 56% used [0x00000000eb100000,0x00000000eb190000,0x00000000eb200000)
  to   space 1024K, 0% used [0x00000000eb000000,0x00000000eb000000,0x00000000eb100000)
 ParOldGen       total 74752K, used 62437K [0x00000000c0000000, 0x00000000c4900000, 0x00000000eab00000)
  object space 74752K, 83% used [0x00000000c0000000,0x00000000c3cf9738,0x00000000c4900000)
 Metaspace       used 74453K, committed 75968K, reserved 1179648K
  class space    used 7654K, committed 8384K, reserved 1048576K
}
Event: 62.822 GC heap before
{Heap before GC invocations=262 (full 7):
 PSYoungGen      total 6144K, used 5696K [0x00000000eab00000, 0x00000000eb200000, 0x0000000100000000)
  eden space 5120K, 100% used [0x00000000eab00000,0x00000000eb000000,0x00000000eb000000)
  from space 1024K, 56% used [0x00000000eb100000,0x00000000eb190000,0x00000000eb200000)
  to   space 1024K, 0% used [0x00000000eb000000,0x00000000eb000000,0x00000000eb100000)
 ParOldGen       total 74752K, used 62437K [0x00000000c0000000, 0x00000000c4900000, 0x00000000eab00000)
  object space 74752K, 83% used [0x00000000c0000000,0x00000000c3cf9738,0x00000000c4900000)
 Metaspace       used 74453K, committed 75968K, reserved 1179648K
  class space    used 7654K, committed 8384K, reserved 1048576K
}
Event: 62.824 GC heap after
{Heap after GC invocations=262 (full 7):
 PSYoungGen      total 6144K, used 384K [0x00000000eab00000, 0x00000000eb200000, 0x0000000100000000)
  eden space 5120K, 0% used [0x00000000eab00000,0x00000000eab00000,0x00000000eb000000)
  from space 1024K, 37% used [0x00000000eb000000,0x00000000eb060000,0x00000000eb100000)
  to   space 512K, 0% used [0x00000000eb180000,0x00000000eb180000,0x00000000eb200000)
 ParOldGen       total 74752K, used 62965K [0x00000000c0000000, 0x00000000c4900000, 0x00000000eab00000)
  object space 74752K, 84% used [0x00000000c0000000,0x00000000c3d7d738,0x00000000c4900000)
 Metaspace       used 74453K, committed 75968K, reserved 1179648K
  class space    used 7654K, committed 8384K, reserved 1048576K
}
Event: 62.836 GC heap before
{Heap before GC invocations=263 (full 7):
 PSYoungGen      total 6144K, used 5504K [0x00000000eab00000, 0x00000000eb200000, 0x0000000100000000)
  eden space 5120K, 100% used [0x00000000eab00000,0x00000000eb000000,0x00000000eb000000)
  from space 1024K, 37% used [0x00000000eb000000,0x00000000eb060000,0x00000000eb100000)
  to   space 512K, 0% used [0x00000000eb180000,0x00000000eb180000,0x00000000eb200000)
 ParOldGen       total 74752K, used 62965K [0x00000000c0000000, 0x00000000c4900000, 0x00000000eab00000)
  object space 74752K, 84% used [0x00000000c0000000,0x00000000c3d7d738,0x00000000c4900000)
 Metaspace       used 74459K, committed 75968K, reserved 1179648K
  class space    used 7654K, committed 8384K, reserved 1048576K
}
Event: 62.838 GC heap after
{Heap after GC invocations=263 (full 7):
 PSYoungGen      total 6144K, used 480K [0x00000000eab00000, 0x00000000eb300000, 0x0000000100000000)
  eden space 5632K, 0% used [0x00000000eab00000,0x00000000eab00000,0x00000000eb080000)
  from space 512K, 93% used [0x00000000eb180000,0x00000000eb1f8060,0x00000000eb200000)
  to   space 1024K, 0% used [0x00000000eb080000,0x00000000eb080000,0x00000000eb180000)
 ParOldGen       total 74752K, used 63341K [0x00000000c0000000, 0x00000000c4900000, 0x00000000eab00000)
  object space 74752K, 84% used [0x00000000c0000000,0x00000000c3ddb738,0x00000000c4900000)
 Metaspace       used 74459K, committed 75968K, reserved 1179648K
  class space    used 7654K, committed 8384K, reserved 1048576K
}
Event: 63.301 GC heap before
{Heap before GC invocations=264 (full 7):
 PSYoungGen      total 6144K, used 6112K [0x00000000eab00000, 0x00000000eb300000, 0x0000000100000000)
  eden space 5632K, 100% used [0x00000000eab00000,0x00000000eb080000,0x00000000eb080000)
  from space 512K, 93% used [0x00000000eb180000,0x00000000eb1f8060,0x00000000eb200000)
  to   space 1024K, 0% used [0x00000000eb080000,0x00000000eb080000,0x00000000eb180000)
 ParOldGen       total 74752K, used 63341K [0x00000000c0000000, 0x00000000c4900000, 0x00000000eab00000)
  object space 74752K, 84% used [0x00000000c0000000,0x00000000c3ddb738,0x00000000c4900000)
 Metaspace       used 74472K, committed 75968K, reserved 1179648K
  class space    used 7654K, committed 8384K, reserved 1048576K
}
Event: 63.303 GC heap after
{Heap after GC invocations=264 (full 7):
 PSYoungGen      total 6656K, used 832K [0x00000000eab00000, 0x00000000eb280000, 0x0000000100000000)
  eden space 5632K, 0% used [0x00000000eab00000,0x00000000eab00000,0x00000000eb080000)
  from space 1024K, 81% used [0x00000000eb080000,0x00000000eb150000,0x00000000eb180000)
  to   space 1024K, 0% used [0x00000000eb180000,0x00000000eb180000,0x00000000eb280000)
 ParOldGen       total 74752K, used 63829K [0x00000000c0000000, 0x00000000c4900000, 0x00000000eab00000)
  object space 74752K, 85% used [0x00000000c0000000,0x00000000c3e557f8,0x00000000c4900000)
 Metaspace       used 74472K, committed 75968K, reserved 1179648K
  class space    used 7654K, committed 8384K, reserved 1048576K
}
Event: 63.343 GC heap before
{Heap before GC invocations=265 (full 7):
 PSYoungGen      total 6656K, used 6464K [0x00000000eab00000, 0x00000000eb280000, 0x0000000100000000)
  eden space 5632K, 100% used [0x00000000eab00000,0x00000000eb080000,0x00000000eb080000)
  from space 1024K, 81% used [0x00000000eb080000,0x00000000eb150000,0x00000000eb180000)
  to   space 1024K, 0% used [0x00000000eb180000,0x00000000eb180000,0x00000000eb280000)
 ParOldGen       total 74752K, used 63829K [0x00000000c0000000, 0x00000000c4900000, 0x00000000eab00000)
  object space 74752K, 85% used [0x00000000c0000000,0x00000000c3e557f8,0x00000000c4900000)
 Metaspace       used 74485K, committed 75968K, reserved 1179648K
  class space    used 7654K, committed 8384K, reserved 1048576K
}
Event: 63.346 GC heap after
{Heap after GC invocations=265 (full 7):
 PSYoungGen      total 5120K, used 1024K [0x00000000eab00000, 0x00000000eb580000, 0x0000000100000000)
  eden space 4096K, 0% used [0x00000000eab00000,0x00000000eab00000,0x00000000eaf00000)
  from space 1024K, 100% used [0x00000000eb180000,0x00000000eb280000,0x00000000eb280000)
  to   space 2560K, 0% used [0x00000000eaf00000,0x00000000eaf00000,0x00000000eb180000)
 ParOldGen       total 74752K, used 64862K [0x00000000c0000000, 0x00000000c4900000, 0x00000000eab00000)
  object space 74752K, 86% used [0x00000000c0000000,0x00000000c3f57858,0x00000000c4900000)
 Metaspace       used 74485K, committed 75968K, reserved 1179648K
  class space    used 7654K, committed 8384K, reserved 1048576K
}
Event: 63.428 GC heap before
{Heap before GC invocations=266 (full 7):
 PSYoungGen      total 5120K, used 5120K [0x00000000eab00000, 0x00000000eb580000, 0x0000000100000000)
  eden space 4096K, 100% used [0x00000000eab00000,0x00000000eaf00000,0x00000000eaf00000)
  from space 1024K, 100% used [0x00000000eb180000,0x00000000eb280000,0x00000000eb280000)
  to   space 2560K, 0% used [0x00000000eaf00000,0x00000000eaf00000,0x00000000eb180000)
 ParOldGen       total 74752K, used 64862K [0x00000000c0000000, 0x00000000c4900000, 0x00000000eab00000)
  object space 74752K, 86% used [0x00000000c0000000,0x00000000c3f57858,0x00000000c4900000)
 Metaspace       used 74501K, committed 76032K, reserved 1179648K
  class space    used 7654K, committed 8384K, reserved 1048576K
}
Event: 63.432 GC heap after
{Heap after GC invocations=266 (full 7):
 PSYoungGen      total 5120K, used 672K [0x00000000eab00000, 0x00000000eb200000, 0x0000000100000000)
  eden space 4096K, 0% used [0x00000000eab00000,0x00000000eab00000,0x00000000eaf00000)
  from space 1024K, 65% used [0x00000000eaf00000,0x00000000eafa8000,0x00000000eb000000)
  to   space 1536K, 0% used [0x00000000eb080000,0x00000000eb080000,0x00000000eb200000)
 ParOldGen       total 74752K, used 65904K [0x00000000c0000000, 0x00000000c4900000, 0x00000000eab00000)
  object space 74752K, 88% used [0x00000000c0000000,0x00000000c405c2c0,0x00000000c4900000)
 Metaspace       used 74501K, committed 76032K, reserved 1179648K
  class space    used 7654K, committed 8384K, reserved 1048576K
}
Event: 63.517 GC heap before
{Heap before GC invocations=267 (full 7):
 PSYoungGen      total 5120K, used 4768K [0x00000000eab00000, 0x00000000eb200000, 0x0000000100000000)
  eden space 4096K, 100% used [0x00000000eab00000,0x00000000eaf00000,0x00000000eaf00000)
  from space 1024K, 65% used [0x00000000eaf00000,0x00000000eafa8000,0x00000000eb000000)
  to   space 1536K, 0% used [0x00000000eb080000,0x00000000eb080000,0x00000000eb200000)
 ParOldGen       total 74752K, used 65904K [0x00000000c0000000, 0x00000000c4900000, 0x00000000eab00000)
  object space 74752K, 88% used [0x00000000c0000000,0x00000000c405c2c0,0x00000000c4900000)
 Metaspace       used 74617K, committed 76096K, reserved 1179648K
  class space    used 7654K, committed 8384K, reserved 1048576K
}
Event: 63.522 GC heap after
{Heap after GC invocations=267 (full 7):
 PSYoungGen      total 5120K, used 676K [0x00000000eab00000, 0x00000000eb180000, 0x0000000100000000)
  eden space 4096K, 0% used [0x00000000eab00000,0x00000000eab00000,0x00000000eaf00000)
  from space 1024K, 66% used [0x00000000eb080000,0x00000000eb129210,0x00000000eb180000)
  to   space 1024K, 0% used [0x00000000eaf00000,0x00000000eaf00000,0x00000000eb000000)
 ParOldGen       total 74752K, used 66512K [0x00000000c0000000, 0x00000000c4900000, 0x00000000eab00000)
  object space 74752K, 88% used [0x00000000c0000000,0x00000000c40f4300,0x00000000c4900000)
 Metaspace       used 74617K, committed 76096K, reserved 1179648K
  class space    used 7654K, committed 8384K, reserved 1048576K
}
Event: 63.612 GC heap before
{Heap before GC invocations=268 (full 7):
 PSYoungGen      total 5120K, used 4772K [0x00000000eab00000, 0x00000000eb180000, 0x0000000100000000)
  eden space 4096K, 100% used [0x00000000eab00000,0x00000000eaf00000,0x00000000eaf00000)
  from space 1024K, 66% used [0x00000000eb080000,0x00000000eb129210,0x00000000eb180000)
  to   space 1024K, 0% used [0x00000000eaf00000,0x00000000eaf00000,0x00000000eb000000)
 ParOldGen       total 74752K, used 66512K [0x00000000c0000000, 0x00000000c4900000, 0x00000000eab00000)
  object space 74752K, 88% used [0x00000000c0000000,0x00000000c40f4300,0x00000000c4900000)
 Metaspace       used 74702K, committed 76224K, reserved 1179648K
  class space    used 7654K, committed 8384K, reserved 1048576K
}
Event: 63.615 GC heap after
{Heap after GC invocations=268 (full 7):
 PSYoungGen      total 5120K, used 960K [0x00000000eab00000, 0x00000000eb100000, 0x0000000100000000)
  eden space 4096K, 0% used [0x00000000eab00000,0x00000000eab00000,0x00000000eaf00000)
  from space 1024K, 93% used [0x00000000eaf00000,0x00000000eaff0000,0x00000000eb000000)
  to   space 1024K, 0% used [0x00000000eb000000,0x00000000eb000000,0x00000000eb100000)
 ParOldGen       total 74752K, used 67187K [0x00000000c0000000, 0x00000000c4900000, 0x00000000eab00000)
  object space 74752K, 89% used [0x00000000c0000000,0x00000000c419cc18,0x00000000c4900000)
 Metaspace       used 74702K, committed 76224K, reserved 1179648K
  class space    used 7654K, committed 8384K, reserved 1048576K
}
Event: 82.739 GC heap before
{Heap before GC invocations=269 (full 7):
 PSYoungGen      total 5120K, used 5055K [0x00000000eab00000, 0x00000000eb100000, 0x0000000100000000)
  eden space 4096K, 99% used [0x00000000eab00000,0x00000000eaeffff0,0x00000000eaf00000)
  from space 1024K, 93% used [0x00000000eaf00000,0x00000000eaff0000,0x00000000eb000000)
  to   space 1024K, 0% used [0x00000000eb000000,0x00000000eb000000,0x00000000eb100000)
 ParOldGen       total 74752K, used 67187K [0x00000000c0000000, 0x00000000c4900000, 0x00000000eab00000)
  object space 74752K, 89% used [0x00000000c0000000,0x00000000c419cc18,0x00000000c4900000)
 Metaspace       used 74770K, committed 76224K, reserved 1179648K
  class space    used 7667K, committed 8384K, reserved 1048576K
}
Event: 82.743 GC heap after
{Heap after GC invocations=269 (full 7):
 PSYoungGen      total 5120K, used 736K [0x00000000eab00000, 0x00000000eb100000, 0x0000000100000000)
  eden space 4096K, 0% used [0x00000000eab00000,0x00000000eab00000,0x00000000eaf00000)
  from space 1024K, 71% used [0x00000000eb000000,0x00000000eb0b8000,0x00000000eb100000)
  to   space 1024K, 0% used [0x00000000eaf00000,0x00000000eaf00000,0x00000000eb000000)
 ParOldGen       total 74752K, used 68057K [0x00000000c0000000, 0x00000000c4900000, 0x00000000eab00000)
  object space 74752K, 91% used [0x00000000c0000000,0x00000000c4276540,0x00000000c4900000)
 Metaspace       used 74770K, committed 76224K, reserved 1179648K
  class space    used 7667K, committed 8384K, reserved 1048576K
}
Event: 83.015 GC heap before
{Heap before GC invocations=270 (full 7):
 PSYoungGen      total 5120K, used 4790K [0x00000000eab00000, 0x00000000eb100000, 0x0000000100000000)
  eden space 4096K, 98% used [0x00000000eab00000,0x00000000eaef5a28,0x00000000eaf00000)
  from space 1024K, 71% used [0x00000000eb000000,0x00000000eb0b8000,0x00000000eb100000)
  to   space 1024K, 0% used [0x00000000eaf00000,0x00000000eaf00000,0x00000000eb000000)
 ParOldGen       total 74752K, used 68057K [0x00000000c0000000, 0x00000000c4900000, 0x00000000eab00000)
  object space 74752K, 91% used [0x00000000c0000000,0x00000000c4276540,0x00000000c4900000)
 Metaspace       used 74796K, committed 76288K, reserved 1179648K
  class space    used 7668K, committed 8384K, reserved 1048576K
}

